05/10/2020 07:51:37,159 || 7DW || INFO  Connection error : 0
05/10/2020 07:51:37,173 || 7DW || INFO  Query executed as : select f_user_detail.user_id, f_user_detail.c_date, role, branch_id from f_user_credential, f_user_detail where f_user_credential.user_id='admin' AND password='d033e22ae348aeb5660fc2140aec35850c4da997' AND status='1' AND f_user_credential.user_id=f_user_detail.user_id
05/10/2020 07:51:37,231 || 7DW || INFO  Flag set as 1
05/10/2020 07:51:37,231 || 7DW || INFO  Branch name And Id :: SELECT branch_id, district, branch_name, branch_code FROM branch WHERE branch_id='BRC001'
05/10/2020 07:51:37,256 || 7DW || INFO  query detail is : select * from f_user_detail where user_id='admin'
05/10/2020 07:51:37,257 || 7DW || INFO  Detail row count : 1
05/10/2020 07:51:40,531 || 7DW || INFO  select opening and closing table : SELECT opening_total_amount, closing_total_amount FROM opening_closing_amount ORDER BY id DESC LIMIT 1
05/10/2020 07:51:40,544 || 7DW || INFO  close: 0
05/10/2020 07:51:40,545 || 7DW || INFO  select expense: SELECT SUM(expense_amount) AS exp FROM expense WHERE expense_date='2020-10-05' AND status=1
05/10/2020 07:51:40,569 || 7DW || INFO  selectOpeningAmount: SELECT SUM(pay_amount) AS opening_amount FROM customer_installment_history WHERE pay_date='2020-10-05' AND status=1
05/10/2020 07:51:40,589 || 7DW || INFO  Total Open IF
05/10/2020 07:51:40,589 || 7DW || INFO  agntPayCommission: SELECT SUM(pay_amount) AS agentCommission FROM agent_pay_commission_history WHERE pay_date='2020-10-05' AND status=1
05/10/2020 07:51:40,610 || 7DW || INFO  customerReturnAmt: SELECT SUM(maturity_return_amount) AS maturityReturnAmount FROM customer_maturity_return_history WHERE status=1 AND return_date='2020-10-05'
05/10/2020 07:51:40,622 || 7DW || INFO  payMis: SELECT SUM(pay_amount) AS customerpPayMis FROM customer_pay_mis_history WHERE status=1 AND pay_date='2020-10-05'
05/10/2020 07:51:40,625 || 7DW || INFO  selectRd: SELECT cu.customer_id, cpm.customer_id, SUM(cih.pay_amount) AS rdAmount FROM customer AS cu, customer_plan_mapping AS cpm, customer_installment_history AS cih WHERE cpm.customer_id = cih.customer_id AND cu.customer_id = cpm.customer_id AND cu.status=1 AND cih.pay_date='2020-10-05' AND cpm.plan_type='RD'
05/10/2020 07:51:40,640 || 7DW || INFO  selectFD: SELECT cu.customer_id, cpm.customer_id, SUM(cih.pay_amount) AS fdAmount FROM customer AS cu, customer_plan_mapping AS cpm, customer_installment_history AS cih WHERE cpm.customer_id = cih.customer_id AND cu.customer_id = cpm.customer_id AND cu.status=1 AND cih.pay_date='2020-10-05' AND cpm.plan_type='FD'
05/10/2020 07:51:40,641 || 7DW || INFO  selectMIs: SELECT cu.customer_id, cpm.customer_id, SUM(cih.pay_amount) AS misAmount FROM customer AS cu, customer_plan_mapping AS cpm, customer_installment_history AS cih WHERE cpm.customer_id = cih.customer_id AND cu.customer_id = cpm.customer_id AND cu.status=1 AND cih.pay_date='2020-10-05' AND cpm.plan_type='MIS'
05/10/2020 07:51:40,643 || 7DW || INFO  Insert Opening and closing amount : INSERT INTO opening_closing_amount (
                                                    opening_total_amount
                                                   ,closing_total_amount
                                                   ,branch_id
                                                   ,c_by
                                                   ,`date`
                                                   ,rd_amount
                                                   ,fd_amount
                                                   ,in_mis
                                                   ,out_mis
                                                   ,maturity_return_amount
                                                   ,expense
                                                 ) VALUES (
                                                    '0' -- opening_total_amount - IN double
                                                    ,'0' -- closing_total_amount - IN double
                                                   ,'BRC001' -- branch_id - IN varchar(20)
                                                   ,'admin'  -- c_by - IN varchar(100)
                                                   ,'2020-10-05' -- date - IN varchar(20)
                                                   ,'0'   -- rd_amount - IN double
                                                   ,'0'   -- fd_amount - IN double
                                                   ,'0'   -- in_mis - IN double
                                                   ,'0'   -- out_mis - IN double
                                                   ,'0'   -- out_mis - IN double
                                                   ,'0'   -- expense - IN double
                                                 )
05/10/2020 07:51:50,018 || 7DW || INFO  Check Plan Name query excuted as :: SELECT plan_name FROM plan WHERE plan_name='wgeu' AND status=1
05/10/2020 07:51:50,027 || 7DW || INFO  Check Plan Name query excuted as :: SELECT plan_name FROM plan WHERE plan_name='wg' AND status=1
05/10/2020 07:51:50,046 || 7DW || INFO  Check Plan Name query excuted as :: SELECT plan_name FROM plan WHERE plan_name='wgeu' AND status=1
05/10/2020 07:51:50,048 || 7DW || INFO  Check Plan Name query excuted as :: SELECT plan_name FROM plan WHERE plan_name='wgeu' AND status=1
05/10/2020 07:51:50,227 || 7DW || INFO  Check Plan Name query excuted as :: SELECT plan_name FROM plan WHERE plan_name='wgeueu' AND status=1
05/10/2020 07:51:50,235 || 7DW || INFO  Check Plan Name query excuted as :: SELECT plan_name FROM plan WHERE plan_name='wgeueu' AND status=1
05/10/2020 08:20:47,835 || 7DW || INFO  Connection error : 0
05/10/2020 08:20:47,837 || 7DW || INFO  Query executed as : select f_user_detail.user_id, f_user_detail.c_date, role, branch_id from f_user_credential, f_user_detail where f_user_credential.user_id='admin' AND password='d033e22ae348aeb5660fc2140aec35850c4da997' AND status='1' AND f_user_credential.user_id=f_user_detail.user_id
05/10/2020 08:20:47,838 || 7DW || INFO  Flag set as 1
05/10/2020 08:20:47,840 || 7DW || INFO  Branch name And Id :: SELECT branch_id, district, branch_name, branch_code FROM branch WHERE branch_id='BRC001'
05/10/2020 08:20:47,845 || 7DW || INFO  query detail is : select * from f_user_detail where user_id='admin'
05/10/2020 08:20:47,847 || 7DW || INFO  Detail row count : 1
05/10/2020 08:20:50,926 || 7DW || INFO  select opening and closing table : SELECT opening_total_amount, closing_total_amount FROM opening_closing_amount ORDER BY id DESC LIMIT 1
05/10/2020 08:20:50,928 || 7DW || INFO  close: 0
05/10/2020 08:20:50,929 || 7DW || INFO  select expense: SELECT SUM(expense_amount) AS exp FROM expense WHERE expense_date='2020-10-05' AND status=1
05/10/2020 08:20:50,930 || 7DW || INFO  selectOpeningAmount: SELECT SUM(pay_amount) AS opening_amount FROM customer_installment_history WHERE pay_date='2020-10-05' AND status=1
05/10/2020 08:20:50,931 || 7DW || INFO  Total Open IF
05/10/2020 08:20:50,931 || 7DW || INFO  agntPayCommission: SELECT SUM(pay_amount) AS agentCommission FROM agent_pay_commission_history WHERE pay_date='2020-10-05' AND status=1
05/10/2020 08:20:50,932 || 7DW || INFO  customerReturnAmt: SELECT SUM(maturity_return_amount) AS maturityReturnAmount FROM customer_maturity_return_history WHERE status=1 AND return_date='2020-10-05'
05/10/2020 08:20:50,933 || 7DW || INFO  payMis: SELECT SUM(pay_amount) AS customerpPayMis FROM customer_pay_mis_history WHERE status=1 AND pay_date='2020-10-05'
05/10/2020 08:20:50,934 || 7DW || INFO  selectRd: SELECT cu.customer_id, cpm.customer_id, SUM(cih.pay_amount) AS rdAmount FROM customer AS cu, customer_plan_mapping AS cpm, customer_installment_history AS cih WHERE cpm.customer_id = cih.customer_id AND cu.customer_id = cpm.customer_id AND cu.status=1 AND cih.pay_date='2020-10-05' AND cpm.plan_type='RD'
05/10/2020 08:20:50,936 || 7DW || INFO  selectFD: SELECT cu.customer_id, cpm.customer_id, SUM(cih.pay_amount) AS fdAmount FROM customer AS cu, customer_plan_mapping AS cpm, customer_installment_history AS cih WHERE cpm.customer_id = cih.customer_id AND cu.customer_id = cpm.customer_id AND cu.status=1 AND cih.pay_date='2020-10-05' AND cpm.plan_type='FD'
05/10/2020 08:20:50,938 || 7DW || INFO  selectMIs: SELECT cu.customer_id, cpm.customer_id, SUM(cih.pay_amount) AS misAmount FROM customer AS cu, customer_plan_mapping AS cpm, customer_installment_history AS cih WHERE cpm.customer_id = cih.customer_id AND cu.customer_id = cpm.customer_id AND cu.status=1 AND cih.pay_date='2020-10-05' AND cpm.plan_type='MIS'
05/10/2020 08:20:50,940 || 7DW || INFO  Insert Opening and closing amount : INSERT INTO opening_closing_amount (
                                                    opening_total_amount
                                                   ,closing_total_amount
                                                   ,branch_id
                                                   ,c_by
                                                   ,`date`
                                                   ,rd_amount
                                                   ,fd_amount
                                                   ,in_mis
                                                   ,out_mis
                                                   ,maturity_return_amount
                                                   ,expense
                                                 ) VALUES (
                                                    '0' -- opening_total_amount - IN double
                                                    ,'0' -- closing_total_amount - IN double
                                                   ,'BRC001' -- branch_id - IN varchar(20)
                                                   ,'admin'  -- c_by - IN varchar(100)
                                                   ,'2020-10-05' -- date - IN varchar(20)
                                                   ,'0'   -- rd_amount - IN double
                                                   ,'0'   -- fd_amount - IN double
                                                   ,'0'   -- in_mis - IN double
                                                   ,'0'   -- out_mis - IN double
                                                   ,'0'   -- out_mis - IN double
                                                   ,'0'   -- expense - IN double
                                                 )
05/10/2020 08:21:00,897 || 7DW || INFO  Action id : searchCustomerPlanName
05/10/2020 08:21:06,942 || 7DW || INFO  Action id : searchInstallment
05/10/2020 08:21:06,944 || 7DW || INFO  Select customer from ajaxSearchDepositInstallment.php : SELECT cu.name, cu.father, cu.dob, cu.date_of_joining, cu.expairy_date, cu.country, cu.gender, cu.post, cu.district, cu.pin_code, cu.address, cu.mobil_no, cu.gender, cu.nominee, cu.realation, cu.customer_img, cpm.agency_code, cpm.plan_name, cpm.plan_duration, cpm.plan_type, cpm.pay_mode, cpm.total_installment_amount, cpm.plan_type, cpm.installment_amount, cpm.no_of_installment, cpm.no_of_pay_installment, cih.customer_id, cih.reciept_no, cih.pay_amount, cih.pay_date, cih.no_of_installment AS cihNoOfInstallment FROM customer AS cu, customer_plan_mapping AS cpm, customer_installment_history AS cih WHERE cu.customer_id=cpm.customer_id AND cpm.customer_id = cih.customer_id AND cu.customer_id='CU0000001' AND cpm.customer_id='CU0000001' AND cih.customer_id='CU0000001' AND cpm.plan_id='1'
05/10/2020 08:21:06,946 || 7DW || INFO  SELECT reciept_no, pay_amount, no_of_installment, pay_date FROM customer_installment_history WHERE status=1 AND customer_id='CU0000001'
05/10/2020 08:58:19,515 || 7DW || INFO  Action id : searchCustomerPlanName
05/10/2020 10:14:16,444 || 7DW || INFO  Action id : searchCustomer
05/10/2020 10:14:16,445 || 7DW || INFO  Select Customer Details From Mis Detail (ajaxCommon.php) : SELECT cu.name, cu.father, cu.dob, cu.date_of_joining, cu.bank_name, cu.account_no, cu.ifsc_code, cu.account_holder_name, cu.expairy_date, cu.country, cu.gender, cu.post, cu.district, cu.pin_code, cu.address, cu.mobil_no, cu.gender, cu.nominee, cu.realation, cu.customer_img, cpm.agency_code, cpm.interest_rate_in_per, cpm.plan_name, cpm.plan_duration, cpm.plan_type, cpm.pay_mode, cpm.total_installment_amount, cpm.plan_type, cpm.installment_amount, cpm.no_of_installment, cpm.no_of_pay_installment, cih.customer_id, cih.reciept_no, cih.pay_amount, cih.pay_date, cih.no_of_installment AS cihNoOfInstallment, cmis.no_of_mis, cmis.no_of_pay_mis, cmis.mis_paid_upto_date, p.calculation_rate FROM customer AS cu, customer_plan_mapping AS cpm, customer_installment_history AS cih, customer_mis_info AS cmis, plan AS p WHERE cu.customer_id=cpm.customer_id AND cpm.customer_id = cih.customer_id AND cpm.customer_id = cmis.customer_id AND cu.customer_id='CU0000007' AND cpm.customer_id='CU0000007' AND cih.customer_id='CU0000007' AND cmis.customer_id='CU0000007' AND p.plan_id=cpm.plan_id
05/10/2020 10:14:16,608 || 7DW || INFO  Select Customer pay MIS History (ajaxCommon.php) : SELECT pay_amount, on_of_pay_mis, pay_date, transaction_id FROM customer_pay_mis_history WHERE status=1 AND customer_id='CU0000007'
05/10/2020 10:14:33,478 || 7DW || INFO  Action id : payCustomerMisAmount
05/10/2020 10:14:33,479 || 7DW || INFO  Select Customer Mis Info Details From ajaxCommon.php: SELECT customer_id, no_of_mis, no_of_pay_mis, mis_paid_upto_date FROM customer_mis_info WHERE customer_id='CU0000007' AND status=1
05/10/2020 10:14:33,481 || 7DW || INFO  New Mis Paid Date From ajaxCommon.php: 2018-06-14
05/10/2020 10:14:33,481 || 7DW || INFO  Insert Customer Pay Mis History Detail from ajaxCommon.php: INSERT INTO customer_pay_mis_history (
                                                                                customer_id
                                                                               ,pay_amount
                                                                               ,on_of_pay_mis
                                                                               ,pay_date
                                                                               ,transaction_id
                                                                               ,c_by
                                                                               ,status
                                                                             ) VALUES (
                                                                                'CU0000007' -- customer_id - IN varchar(50)
                                                                               ,'2000' -- pay_amount - IN double
                                                                               ,'1' -- on_of_pay_mis - IN int(50)
                                                                               ,'2020-10-05' -- pay_date - IN varchar(20)
                                                                               ,'56' -- transaction_id - IN varchar(30)
                                                                               ,'admin'  -- c_by - IN varchar(20)
                                                                               ,1 -- status - IN int(1)
                                                                             )
05/10/2020 10:14:33,533 || 7DW || INFO  Update Customer Mis Info From ajaxCommon.php: UPDATE customer_mis_info SET no_of_pay_mis='15', mis_paid_upto_date='2018-06-14' WHERE Customer_id='CU0000007'
05/10/2020 10:14:42,913 || 7DW || INFO  Action id : searchCustomer
05/10/2020 10:14:42,914 || 7DW || INFO  Select Customer Details From Mis Detail (ajaxCommon.php) : SELECT cu.name, cu.father, cu.dob, cu.date_of_joining, cu.bank_name, cu.account_no, cu.ifsc_code, cu.account_holder_name, cu.expairy_date, cu.country, cu.gender, cu.post, cu.district, cu.pin_code, cu.address, cu.mobil_no, cu.gender, cu.nominee, cu.realation, cu.customer_img, cpm.agency_code, cpm.interest_rate_in_per, cpm.plan_name, cpm.plan_duration, cpm.plan_type, cpm.pay_mode, cpm.total_installment_amount, cpm.plan_type, cpm.installment_amount, cpm.no_of_installment, cpm.no_of_pay_installment, cih.customer_id, cih.reciept_no, cih.pay_amount, cih.pay_date, cih.no_of_installment AS cihNoOfInstallment, cmis.no_of_mis, cmis.no_of_pay_mis, cmis.mis_paid_upto_date, p.calculation_rate FROM customer AS cu, customer_plan_mapping AS cpm, customer_installment_history AS cih, customer_mis_info AS cmis, plan AS p WHERE cu.customer_id=cpm.customer_id AND cpm.customer_id = cih.customer_id AND cpm.customer_id = cmis.customer_id AND cu.customer_id='CU0000008' AND cpm.customer_id='CU0000008' AND cih.customer_id='CU0000008' AND cmis.customer_id='CU0000008' AND p.plan_id=cpm.plan_id
05/10/2020 10:14:42,918 || 7DW || INFO  Select Customer pay MIS History (ajaxCommon.php) : SELECT pay_amount, on_of_pay_mis, pay_date, transaction_id FROM customer_pay_mis_history WHERE status=1 AND customer_id='CU0000008'
05/10/2020 10:15:05,925 || 7DW || INFO  Action id : searchCustomerPlanName
05/10/2020 10:15:09,920 || 7DW || INFO  Action id : searchInstallment
05/10/2020 10:15:09,920 || 7DW || INFO  Select customer from ajaxSearchDepositInstallment.php : SELECT cu.name, cu.father, cu.dob, cu.date_of_joining, cu.expairy_date, cu.country, cu.gender, cu.post, cu.district, cu.pin_code, cu.address, cu.mobil_no, cu.gender, cu.nominee, cu.realation, cu.customer_img, cpm.agency_code, cpm.plan_name, cpm.plan_duration, cpm.plan_type, cpm.pay_mode, cpm.total_installment_amount, cpm.plan_type, cpm.installment_amount, cpm.no_of_installment, cpm.no_of_pay_installment, cih.customer_id, cih.reciept_no, cih.pay_amount, cih.pay_date, cih.no_of_installment AS cihNoOfInstallment FROM customer AS cu, customer_plan_mapping AS cpm, customer_installment_history AS cih WHERE cu.customer_id=cpm.customer_id AND cpm.customer_id = cih.customer_id AND cu.customer_id='CU0000011' AND cpm.customer_id='CU0000011' AND cih.customer_id='CU0000011' AND cpm.plan_id='1'
05/10/2020 10:15:09,922 || 7DW || INFO  SELECT reciept_no, pay_amount, no_of_installment, pay_date FROM customer_installment_history WHERE status=1 AND customer_id='CU0000011'
