25/06/2019 09:05:22,235 || 7DW || INFO  select opening and closing table : SELECT opening_total_amount, closing_total_amount FROM opening_closing_amount ORDER BY id DESC LIMIT 1
25/06/2019 09:05:22,237 || 7DW || INFO  close: -2000
25/06/2019 09:05:22,238 || 7DW || INFO  select expense: SELECT SUM(expense_amount) AS exp FROM expense WHERE expense_date='2019-06-25' AND status=1
25/06/2019 09:05:22,238 || 7DW || INFO  selectOpeningAmount: SELECT SUM(pay_amount) AS opening_amount FROM customer_installment_history WHERE pay_date='2019-06-25' AND status=1
25/06/2019 09:05:22,239 || 7DW || INFO  Total Open IF
25/06/2019 09:05:22,240 || 7DW || INFO  agntPayCommission: SELECT SUM(pay_amount) AS agentCommission FROM agent_pay_commission_history WHERE pay_date='2019-06-25' AND status=1
25/06/2019 09:05:22,241 || 7DW || INFO  customerReturnAmt: SELECT SUM(maturity_return_amount) AS maturityReturnAmount FROM customer_maturity_return_history WHERE status=1 AND return_date='2019-06-25'
25/06/2019 09:05:22,243 || 7DW || INFO  payMis: SELECT SUM(pay_amount) AS customerpPayMis FROM customer_pay_mis_history WHERE status=1 AND pay_date='2019-06-25'
25/06/2019 09:05:22,243 || 7DW || INFO  selectRd: SELECT cu.customer_id, cpm.customer_id, SUM(cih.pay_amount) AS rdAmount FROM customer AS cu, customer_plan_mapping AS cpm, customer_installment_history AS cih WHERE cpm.customer_id = cih.customer_id AND cu.customer_id = cpm.customer_id AND cu.status=1 AND cih.pay_date='2019-06-25' AND cpm.plan_type='RD'
25/06/2019 09:05:22,245 || 7DW || INFO  selectFD: SELECT cu.customer_id, cpm.customer_id, SUM(cih.pay_amount) AS fdAmount FROM customer AS cu, customer_plan_mapping AS cpm, customer_installment_history AS cih WHERE cpm.customer_id = cih.customer_id AND cu.customer_id = cpm.customer_id AND cu.status=1 AND cih.pay_date='2019-06-25' AND cpm.plan_type='FD'
25/06/2019 09:05:22,246 || 7DW || INFO  selectMIs: SELECT cu.customer_id, cpm.customer_id, SUM(cih.pay_amount) AS misAmount FROM customer AS cu, customer_plan_mapping AS cpm, customer_installment_history AS cih WHERE cpm.customer_id = cih.customer_id AND cu.customer_id = cpm.customer_id AND cu.status=1 AND cih.pay_date='2019-06-25' AND cpm.plan_type='MIS'
25/06/2019 09:05:22,247 || 7DW || INFO  Insert Opening and closing amount : INSERT INTO opening_closing_amount (
                                                    opening_total_amount
                                                   ,closing_total_amount
                                                   ,branch_id
                                                   ,c_by
                                                   ,`date`
                                                   ,rd_amount
                                                   ,fd_amount
                                                   ,in_mis
                                                   ,out_mis
                                                   ,maturity_return_amount
                                                   ,expense
                                                 ) VALUES (
                                                    '-2000' -- opening_total_amount - IN double
                                                    ,'0' -- closing_total_amount - IN double
                                                   ,'BRC001' -- branch_id - IN varchar(20)
                                                   ,'admin'  -- c_by - IN varchar(100)
                                                   ,'2019-06-25' -- date - IN varchar(20)
                                                   ,'0'   -- rd_amount - IN double
                                                   ,'0'   -- fd_amount - IN double
                                                   ,'0'   -- in_mis - IN double
                                                   ,'0'   -- out_mis - IN double
                                                   ,'0'   -- out_mis - IN double
                                                   ,'0'   -- expense - IN double
                                                 )
25/06/2019 09:11:02,099 || 7DW || INFO  Action id : searchCustomerPlanName
25/06/2019 09:11:05,239 || 7DW || INFO  Action id : searchInstallment
25/06/2019 09:11:05,240 || 7DW || INFO  Select customer from ajaxSearchDepositInstallment.php : SELECT cu.name, cu.father, cu.dob, cu.date_of_joining, cu.expairy_date, cu.country, cu.gender, cu.post, cu.district, cu.pin_code, cu.address, cu.mobil_no, cu.gender, cu.nominee, cu.realation, cu.customer_img, cpm.agency_code, cpm.plan_name, cpm.plan_duration, cpm.plan_type, cpm.pay_mode, cpm.total_installment_amount, cpm.plan_type, cpm.installment_amount, cpm.no_of_installment, cpm.no_of_pay_installment, cih.customer_id, cih.reciept_no, cih.pay_amount, cih.pay_date, cih.no_of_installment AS cihNoOfInstallment FROM customer AS cu, customer_plan_mapping AS cpm, customer_installment_history AS cih WHERE cu.customer_id=cpm.customer_id AND cpm.customer_id = cih.customer_id AND cu.customer_id='CU0000001' AND cpm.customer_id='CU0000001' AND cih.customer_id='CU0000001' AND cpm.plan_id='1'
25/06/2019 09:11:05,242 || 7DW || INFO  SELECT reciept_no, pay_amount, no_of_installment, pay_date FROM customer_installment_history WHERE status=1 AND customer_id='CU0000001'
25/06/2019 09:11:09,288 || 7DW || INFO  Action id : searchCustomerPlanName
25/06/2019 09:12:23,760 || 7DW || INFO  Action id : searchCustomerPlanName
25/06/2019 09:12:23,801 || 7DW || INFO  Action id : searchInstallment
25/06/2019 09:12:23,802 || 7DW || INFO  Select customer from ajaxSearchDepositInstallment.php : SELECT cu.name, cu.father, cu.dob, cu.date_of_joining, cu.expairy_date, cu.country, cu.gender, cu.post, cu.district, cu.pin_code, cu.address, cu.mobil_no, cu.gender, cu.nominee, cu.realation, cu.customer_img, cpm.agency_code, cpm.plan_name, cpm.plan_duration, cpm.plan_type, cpm.pay_mode, cpm.total_installment_amount, cpm.plan_type, cpm.installment_amount, cpm.no_of_installment, cpm.no_of_pay_installment, cih.customer_id, cih.reciept_no, cih.pay_amount, cih.pay_date, cih.no_of_installment AS cihNoOfInstallment FROM customer AS cu, customer_plan_mapping AS cpm, customer_installment_history AS cih WHERE cu.customer_id=cpm.customer_id AND cpm.customer_id = cih.customer_id AND cu.customer_id='CU0000012' AND cpm.customer_id='CU0000012' AND cih.customer_id='CU0000012' AND cpm.plan_id=''
25/06/2019 09:12:28,905 || 7DW || INFO  Action id : searchInstallment
25/06/2019 09:12:28,907 || 7DW || INFO  Select customer from ajaxSearchDepositInstallment.php : SELECT cu.name, cu.father, cu.dob, cu.date_of_joining, cu.expairy_date, cu.country, cu.gender, cu.post, cu.district, cu.pin_code, cu.address, cu.mobil_no, cu.gender, cu.nominee, cu.realation, cu.customer_img, cpm.agency_code, cpm.plan_name, cpm.plan_duration, cpm.plan_type, cpm.pay_mode, cpm.total_installment_amount, cpm.plan_type, cpm.installment_amount, cpm.no_of_installment, cpm.no_of_pay_installment, cih.customer_id, cih.reciept_no, cih.pay_amount, cih.pay_date, cih.no_of_installment AS cihNoOfInstallment FROM customer AS cu, customer_plan_mapping AS cpm, customer_installment_history AS cih WHERE cu.customer_id=cpm.customer_id AND cpm.customer_id = cih.customer_id AND cu.customer_id='CU0000016' AND cpm.customer_id='CU0000016' AND cih.customer_id='CU0000016' AND cpm.plan_id=''
25/06/2019 09:12:28,944 || 7DW || INFO  Action id : searchCustomerPlanName
25/06/2019 09:12:31,708 || 7DW || INFO  Action id : searchInstallment
25/06/2019 09:12:31,710 || 7DW || INFO  Select customer from ajaxSearchDepositInstallment.php : SELECT cu.name, cu.father, cu.dob, cu.date_of_joining, cu.expairy_date, cu.country, cu.gender, cu.post, cu.district, cu.pin_code, cu.address, cu.mobil_no, cu.gender, cu.nominee, cu.realation, cu.customer_img, cpm.agency_code, cpm.plan_name, cpm.plan_duration, cpm.plan_type, cpm.pay_mode, cpm.total_installment_amount, cpm.plan_type, cpm.installment_amount, cpm.no_of_installment, cpm.no_of_pay_installment, cih.customer_id, cih.reciept_no, cih.pay_amount, cih.pay_date, cih.no_of_installment AS cihNoOfInstallment FROM customer AS cu, customer_plan_mapping AS cpm, customer_installment_history AS cih WHERE cu.customer_id=cpm.customer_id AND cpm.customer_id = cih.customer_id AND cu.customer_id='CU0000019' AND cpm.customer_id='CU0000019' AND cih.customer_id='CU0000019' AND cpm.plan_id=''
25/06/2019 09:12:31,750 || 7DW || INFO  Action id : searchCustomerPlanName
25/06/2019 09:12:37,096 || 7DW || INFO  Action id : searchInstallment
25/06/2019 09:12:37,097 || 7DW || INFO  Select customer from ajaxSearchDepositInstallment.php : SELECT cu.name, cu.father, cu.dob, cu.date_of_joining, cu.expairy_date, cu.country, cu.gender, cu.post, cu.district, cu.pin_code, cu.address, cu.mobil_no, cu.gender, cu.nominee, cu.realation, cu.customer_img, cpm.agency_code, cpm.plan_name, cpm.plan_duration, cpm.plan_type, cpm.pay_mode, cpm.total_installment_amount, cpm.plan_type, cpm.installment_amount, cpm.no_of_installment, cpm.no_of_pay_installment, cih.customer_id, cih.reciept_no, cih.pay_amount, cih.pay_date, cih.no_of_installment AS cihNoOfInstallment FROM customer AS cu, customer_plan_mapping AS cpm, customer_installment_history AS cih WHERE cu.customer_id=cpm.customer_id AND cpm.customer_id = cih.customer_id AND cu.customer_id='CU0000019' AND cpm.customer_id='CU0000019' AND cih.customer_id='CU0000019' AND cpm.plan_id='1'
25/06/2019 09:12:37,100 || 7DW || INFO  SELECT reciept_no, pay_amount, no_of_installment, pay_date FROM customer_installment_history WHERE status=1 AND customer_id='CU0000019'
25/06/2019 09:12:41,457 || 7DW || INFO  Action id : searchCustomerPlanName
25/06/2019 09:12:47,699 || 7DW || INFO  Action id : searchInstallment
25/06/2019 09:12:47,700 || 7DW || INFO  Select customer from ajaxSearchDepositInstallment.php : SELECT cu.name, cu.father, cu.dob, cu.date_of_joining, cu.expairy_date, cu.country, cu.gender, cu.post, cu.district, cu.pin_code, cu.address, cu.mobil_no, cu.gender, cu.nominee, cu.realation, cu.customer_img, cpm.agency_code, cpm.plan_name, cpm.plan_duration, cpm.plan_type, cpm.pay_mode, cpm.total_installment_amount, cpm.plan_type, cpm.installment_amount, cpm.no_of_installment, cpm.no_of_pay_installment, cih.customer_id, cih.reciept_no, cih.pay_amount, cih.pay_date, cih.no_of_installment AS cihNoOfInstallment FROM customer AS cu, customer_plan_mapping AS cpm, customer_installment_history AS cih WHERE cu.customer_id=cpm.customer_id AND cpm.customer_id = cih.customer_id AND cu.customer_id='CU0000011' AND cpm.customer_id='CU0000011' AND cih.customer_id='CU0000011' AND cpm.plan_id=''
25/06/2019 09:12:47,738 || 7DW || INFO  Action id : searchCustomerPlanName
25/06/2019 09:12:52,703 || 7DW || INFO  Action id : searchInstallment
25/06/2019 09:12:52,704 || 7DW || INFO  Select customer from ajaxSearchDepositInstallment.php : SELECT cu.name, cu.father, cu.dob, cu.date_of_joining, cu.expairy_date, cu.country, cu.gender, cu.post, cu.district, cu.pin_code, cu.address, cu.mobil_no, cu.gender, cu.nominee, cu.realation, cu.customer_img, cpm.agency_code, cpm.plan_name, cpm.plan_duration, cpm.plan_type, cpm.pay_mode, cpm.total_installment_amount, cpm.plan_type, cpm.installment_amount, cpm.no_of_installment, cpm.no_of_pay_installment, cih.customer_id, cih.reciept_no, cih.pay_amount, cih.pay_date, cih.no_of_installment AS cihNoOfInstallment FROM customer AS cu, customer_plan_mapping AS cpm, customer_installment_history AS cih WHERE cu.customer_id=cpm.customer_id AND cpm.customer_id = cih.customer_id AND cu.customer_id='CU0000011' AND cpm.customer_id='CU0000011' AND cih.customer_id='CU0000011' AND cpm.plan_id='1'
25/06/2019 09:12:52,710 || 7DW || INFO  SELECT reciept_no, pay_amount, no_of_installment, pay_date FROM customer_installment_history WHERE status=1 AND customer_id='CU0000011'
25/06/2019 09:13:06,125 || 7DW || INFO  Action id : searchCustomerPlanName
25/06/2019 09:13:18,109 || 7DW || INFO  Action id : searchInstallment
25/06/2019 09:13:18,110 || 7DW || INFO  Select customer from ajaxSearchDepositInstallment.php : SELECT cu.name, cu.father, cu.dob, cu.date_of_joining, cu.expairy_date, cu.country, cu.gender, cu.post, cu.district, cu.pin_code, cu.address, cu.mobil_no, cu.gender, cu.nominee, cu.realation, cu.customer_img, cpm.agency_code, cpm.plan_name, cpm.plan_duration, cpm.plan_type, cpm.pay_mode, cpm.total_installment_amount, cpm.plan_type, cpm.installment_amount, cpm.no_of_installment, cpm.no_of_pay_installment, cih.customer_id, cih.reciept_no, cih.pay_amount, cih.pay_date, cih.no_of_installment AS cihNoOfInstallment FROM customer AS cu, customer_plan_mapping AS cpm, customer_installment_history AS cih WHERE cu.customer_id=cpm.customer_id AND cpm.customer_id = cih.customer_id AND cu.customer_id='CU0000014' AND cpm.customer_id='CU0000014' AND cih.customer_id='CU0000014' AND cpm.plan_id='1'
25/06/2019 09:13:18,112 || 7DW || INFO  SELECT reciept_no, pay_amount, no_of_installment, pay_date FROM customer_installment_history WHERE status=1 AND customer_id='CU0000014'
25/06/2019 09:13:38,218 || 7DW || INFO  Action id : searchCustomerPlanName
25/06/2019 09:14:21,790 || 7DW || INFO  Action id : searchInstallment
25/06/2019 09:14:21,791 || 7DW || INFO  Select customer from ajaxSearchDepositInstallment.php : SELECT cu.name, cu.father, cu.dob, cu.date_of_joining, cu.expairy_date, cu.country, cu.gender, cu.post, cu.district, cu.pin_code, cu.address, cu.mobil_no, cu.gender, cu.nominee, cu.realation, cu.customer_img, cpm.agency_code, cpm.plan_name, cpm.plan_duration, cpm.plan_type, cpm.pay_mode, cpm.total_installment_amount, cpm.plan_type, cpm.installment_amount, cpm.no_of_installment, cpm.no_of_pay_installment, cih.customer_id, cih.reciept_no, cih.pay_amount, cih.pay_date, cih.no_of_installment AS cihNoOfInstallment FROM customer AS cu, customer_plan_mapping AS cpm, customer_installment_history AS cih WHERE cu.customer_id=cpm.customer_id AND cpm.customer_id = cih.customer_id AND cu.customer_id='CU0000001' AND cpm.customer_id='CU0000001' AND cih.customer_id='CU0000001' AND cpm.plan_id='1'
25/06/2019 09:14:21,792 || 7DW || INFO  SELECT reciept_no, pay_amount, no_of_installment, pay_date FROM customer_installment_history WHERE status=1 AND customer_id='CU0000001'
25/06/2019 09:14:39,262 || 7DW || INFO  Action id : searchCustomerPlanName
25/06/2019 09:14:59,219 || 7DW || INFO  Action id : searchInstallment
25/06/2019 09:14:59,221 || 7DW || INFO  Select customer from ajaxSearchDepositInstallment.php : SELECT cu.name, cu.father, cu.dob, cu.date_of_joining, cu.expairy_date, cu.country, cu.gender, cu.post, cu.district, cu.pin_code, cu.address, cu.mobil_no, cu.gender, cu.nominee, cu.realation, cu.customer_img, cpm.agency_code, cpm.plan_name, cpm.plan_duration, cpm.plan_type, cpm.pay_mode, cpm.total_installment_amount, cpm.plan_type, cpm.installment_amount, cpm.no_of_installment, cpm.no_of_pay_installment, cih.customer_id, cih.reciept_no, cih.pay_amount, cih.pay_date, cih.no_of_installment AS cihNoOfInstallment FROM customer AS cu, customer_plan_mapping AS cpm, customer_installment_history AS cih WHERE cu.customer_id=cpm.customer_id AND cpm.customer_id = cih.customer_id AND cu.customer_id='CU0000010' AND cpm.customer_id='CU0000010' AND cih.customer_id='CU0000010' AND cpm.plan_id='1'
25/06/2019 09:14:59,223 || 7DW || INFO  SELECT reciept_no, pay_amount, no_of_installment, pay_date FROM customer_installment_history WHERE status=1 AND customer_id='CU0000010'
25/06/2019 09:16:04,322 || 7DW || INFO  Action id : searchCustomerPlanName
25/06/2019 09:16:30,882 || 7DW || INFO  Action id : searchInstallment
25/06/2019 09:16:30,883 || 7DW || INFO  Select customer from ajaxSearchDepositInstallment.php : SELECT cu.name, cu.father, cu.dob, cu.date_of_joining, cu.expairy_date, cu.country, cu.gender, cu.post, cu.district, cu.pin_code, cu.address, cu.mobil_no, cu.gender, cu.nominee, cu.realation, cu.customer_img, cpm.agency_code, cpm.plan_name, cpm.plan_duration, cpm.plan_type, cpm.pay_mode, cpm.total_installment_amount, cpm.plan_type, cpm.installment_amount, cpm.no_of_installment, cpm.no_of_pay_installment, cih.customer_id, cih.reciept_no, cih.pay_amount, cih.pay_date, cih.no_of_installment AS cihNoOfInstallment FROM customer AS cu, customer_plan_mapping AS cpm, customer_installment_history AS cih WHERE cu.customer_id=cpm.customer_id AND cpm.customer_id = cih.customer_id AND cu.customer_id='CU0000012' AND cpm.customer_id='CU0000012' AND cih.customer_id='CU0000012' AND cpm.plan_id=''
25/06/2019 09:16:30,952 || 7DW || INFO  Action id : searchCustomerPlanName
25/06/2019 09:16:34,571 || 7DW || INFO  Action id : searchInstallment
25/06/2019 09:16:34,571 || 7DW || INFO  Select customer from ajaxSearchDepositInstallment.php : SELECT cu.name, cu.father, cu.dob, cu.date_of_joining, cu.expairy_date, cu.country, cu.gender, cu.post, cu.district, cu.pin_code, cu.address, cu.mobil_no, cu.gender, cu.nominee, cu.realation, cu.customer_img, cpm.agency_code, cpm.plan_name, cpm.plan_duration, cpm.plan_type, cpm.pay_mode, cpm.total_installment_amount, cpm.plan_type, cpm.installment_amount, cpm.no_of_installment, cpm.no_of_pay_installment, cih.customer_id, cih.reciept_no, cih.pay_amount, cih.pay_date, cih.no_of_installment AS cihNoOfInstallment FROM customer AS cu, customer_plan_mapping AS cpm, customer_installment_history AS cih WHERE cu.customer_id=cpm.customer_id AND cpm.customer_id = cih.customer_id AND cu.customer_id='CU0000012' AND cpm.customer_id='CU0000012' AND cih.customer_id='CU0000012' AND cpm.plan_id='1'
25/06/2019 09:16:34,573 || 7DW || INFO  SELECT reciept_no, pay_amount, no_of_installment, pay_date FROM customer_installment_history WHERE status=1 AND customer_id='CU0000012'
25/06/2019 09:18:13,764 || 7DW || INFO  Action id : searchCustomerPlanName
25/06/2019 09:18:16,188 || 7DW || INFO  Action id : searchInstallment
25/06/2019 09:18:16,191 || 7DW || INFO  Select customer from ajaxSearchDepositInstallment.php : SELECT cu.name, cu.father, cu.dob, cu.date_of_joining, cu.expairy_date, cu.country, cu.gender, cu.post, cu.district, cu.pin_code, cu.address, cu.mobil_no, cu.gender, cu.nominee, cu.realation, cu.customer_img, cpm.agency_code, cpm.plan_name, cpm.plan_duration, cpm.plan_type, cpm.pay_mode, cpm.total_installment_amount, cpm.plan_type, cpm.installment_amount, cpm.no_of_installment, cpm.no_of_pay_installment, cih.customer_id, cih.reciept_no, cih.pay_amount, cih.pay_date, cih.no_of_installment AS cihNoOfInstallment FROM customer AS cu, customer_plan_mapping AS cpm, customer_installment_history AS cih WHERE cu.customer_id=cpm.customer_id AND cpm.customer_id = cih.customer_id AND cu.customer_id='CU0000001' AND cpm.customer_id='CU0000001' AND cih.customer_id='CU0000001' AND cpm.plan_id='1'
25/06/2019 09:18:16,193 || 7DW || INFO  SELECT reciept_no, pay_amount, no_of_installment, pay_date FROM customer_installment_history WHERE status=1 AND customer_id='CU0000001'
25/06/2019 09:21:49,652 || 7DW || INFO  Action id : searchCustomerPlanName
25/06/2019 09:21:55,529 || 7DW || INFO  Action id : searchInstallment
25/06/2019 09:21:55,529 || 7DW || INFO  Select customer from ajaxSearchDepositInstallment.php : SELECT cu.name, cu.father, cu.dob, cu.date_of_joining, cu.expairy_date, cu.country, cu.gender, cu.post, cu.district, cu.pin_code, cu.address, cu.mobil_no, cu.gender, cu.nominee, cu.realation, cu.customer_img, cpm.agency_code, cpm.plan_name, cpm.plan_duration, cpm.plan_type, cpm.pay_mode, cpm.total_installment_amount, cpm.plan_type, cpm.installment_amount, cpm.no_of_installment, cpm.no_of_pay_installment, cih.customer_id, cih.reciept_no, cih.pay_amount, cih.pay_date, cih.no_of_installment AS cihNoOfInstallment FROM customer AS cu, customer_plan_mapping AS cpm, customer_installment_history AS cih WHERE cu.customer_id=cpm.customer_id AND cpm.customer_id = cih.customer_id AND cu.customer_id='CU0000001' AND cpm.customer_id='CU0000001' AND cih.customer_id='CU0000001' AND cpm.plan_id='1'
25/06/2019 09:21:55,530 || 7DW || INFO  SELECT reciept_no, pay_amount, no_of_installment, pay_date FROM customer_installment_history WHERE status=1 AND customer_id='CU0000001'
25/06/2019 09:22:01,470 || 7DW || INFO  Action id : searchCustomerPlanName
25/06/2019 09:22:06,810 || 7DW || INFO  Action id : searchInstallment
25/06/2019 09:22:06,812 || 7DW || INFO  Select customer from ajaxSearchDepositInstallment.php : SELECT cu.name, cu.father, cu.dob, cu.date_of_joining, cu.expairy_date, cu.country, cu.gender, cu.post, cu.district, cu.pin_code, cu.address, cu.mobil_no, cu.gender, cu.nominee, cu.realation, cu.customer_img, cpm.agency_code, cpm.plan_name, cpm.plan_duration, cpm.plan_type, cpm.pay_mode, cpm.total_installment_amount, cpm.plan_type, cpm.installment_amount, cpm.no_of_installment, cpm.no_of_pay_installment, cih.customer_id, cih.reciept_no, cih.pay_amount, cih.pay_date, cih.no_of_installment AS cihNoOfInstallment FROM customer AS cu, customer_plan_mapping AS cpm, customer_installment_history AS cih WHERE cu.customer_id=cpm.customer_id AND cpm.customer_id = cih.customer_id AND cu.customer_id='CU0000011' AND cpm.customer_id='CU0000011' AND cih.customer_id='CU0000011' AND cpm.plan_id='1'
25/06/2019 09:22:06,815 || 7DW || INFO  SELECT reciept_no, pay_amount, no_of_installment, pay_date FROM customer_installment_history WHERE status=1 AND customer_id='CU0000011'
25/06/2019 09:22:10,813 || 7DW || INFO  Action id : searchCustomerPlanName
25/06/2019 09:22:15,809 || 7DW || INFO  Action id : searchInstallment
25/06/2019 09:22:15,810 || 7DW || INFO  Select customer from ajaxSearchDepositInstallment.php : SELECT cu.name, cu.father, cu.dob, cu.date_of_joining, cu.expairy_date, cu.country, cu.gender, cu.post, cu.district, cu.pin_code, cu.address, cu.mobil_no, cu.gender, cu.nominee, cu.realation, cu.customer_img, cpm.agency_code, cpm.plan_name, cpm.plan_duration, cpm.plan_type, cpm.pay_mode, cpm.total_installment_amount, cpm.plan_type, cpm.installment_amount, cpm.no_of_installment, cpm.no_of_pay_installment, cih.customer_id, cih.reciept_no, cih.pay_amount, cih.pay_date, cih.no_of_installment AS cihNoOfInstallment FROM customer AS cu, customer_plan_mapping AS cpm, customer_installment_history AS cih WHERE cu.customer_id=cpm.customer_id AND cpm.customer_id = cih.customer_id AND cu.customer_id='CU0000017' AND cpm.customer_id='CU0000017' AND cih.customer_id='CU0000017' AND cpm.plan_id='1'
25/06/2019 09:22:15,811 || 7DW || INFO  SELECT reciept_no, pay_amount, no_of_installment, pay_date FROM customer_installment_history WHERE status=1 AND customer_id='CU0000017'
25/06/2019 09:22:20,972 || 7DW || INFO  Action id : searchCustomerPlanName
25/06/2019 09:44:36,003 || 7DW || INFO  Select Customer pay MIS History (ajaxCommon.php) : SELECT cpmh.pay_amount, cpmh.on_of_pay_mis, cpmh.pay_date, cpmh.transaction_id, cih.reciept_no FROM customer_pay_mis_history  AS cpmh, customer_installment_history AS cih WHERE cpmh.status=1 AND cpmh.customer_id=cih.customer_id AND cpmh.customer_id='CU0000008' AND cih.customer_id='CU0000008' ORDER BY cpmh.id DESC
25/06/2019 10:02:09,214 || 7DW || INFO  select opening and closing table : SELECT opening_total_amount, closing_total_amount FROM opening_closing_amount ORDER BY id DESC LIMIT 1
25/06/2019 10:02:09,218 || 7DW || INFO  close: 0
25/06/2019 10:02:09,218 || 7DW || INFO  select expense: SELECT SUM(expense_amount) AS exp FROM expense WHERE expense_date='2019-06-25' AND status=1
25/06/2019 10:02:09,219 || 7DW || INFO  selectOpeningAmount: SELECT SUM(pay_amount) AS opening_amount FROM customer_installment_history WHERE pay_date='2019-06-25' AND status=1
25/06/2019 10:02:09,231 || 7DW || INFO  Total Open IF
25/06/2019 10:02:09,231 || 7DW || INFO  agntPayCommission: SELECT SUM(pay_amount) AS agentCommission FROM agent_pay_commission_history WHERE pay_date='2019-06-25' AND status=1
25/06/2019 10:02:09,232 || 7DW || INFO  customerReturnAmt: SELECT SUM(maturity_return_amount) AS maturityReturnAmount FROM customer_maturity_return_history WHERE status=1 AND return_date='2019-06-25'
25/06/2019 10:02:09,232 || 7DW || INFO  payMis: SELECT SUM(pay_amount) AS customerpPayMis FROM customer_pay_mis_history WHERE status=1 AND pay_date='2019-06-25'
25/06/2019 10:02:09,233 || 7DW || INFO  selectRd: SELECT cu.customer_id, cpm.customer_id, SUM(cih.pay_amount) AS rdAmount FROM customer AS cu, customer_plan_mapping AS cpm, customer_installment_history AS cih WHERE cpm.customer_id = cih.customer_id AND cu.customer_id = cpm.customer_id AND cu.status=1 AND cih.pay_date='2019-06-25' AND cpm.plan_type='RD'
25/06/2019 10:02:09,234 || 7DW || INFO  selectFD: SELECT cu.customer_id, cpm.customer_id, SUM(cih.pay_amount) AS fdAmount FROM customer AS cu, customer_plan_mapping AS cpm, customer_installment_history AS cih WHERE cpm.customer_id = cih.customer_id AND cu.customer_id = cpm.customer_id AND cu.status=1 AND cih.pay_date='2019-06-25' AND cpm.plan_type='FD'
25/06/2019 10:02:09,235 || 7DW || INFO  selectMIs: SELECT cu.customer_id, cpm.customer_id, SUM(cih.pay_amount) AS misAmount FROM customer AS cu, customer_plan_mapping AS cpm, customer_installment_history AS cih WHERE cpm.customer_id = cih.customer_id AND cu.customer_id = cpm.customer_id AND cu.status=1 AND cih.pay_date='2019-06-25' AND cpm.plan_type='MIS'
25/06/2019 10:02:09,238 || 7DW || INFO  Insert Opening and closing amount : INSERT INTO opening_closing_amount (
                                                    opening_total_amount
                                                   ,closing_total_amount
                                                   ,branch_id
                                                   ,c_by
                                                   ,`date`
                                                   ,rd_amount
                                                   ,fd_amount
                                                   ,in_mis
                                                   ,out_mis
                                                   ,maturity_return_amount
                                                   ,expense
                                                 ) VALUES (
                                                    '0' -- opening_total_amount - IN double
                                                    ,'0' -- closing_total_amount - IN double
                                                   ,'BRC001' -- branch_id - IN varchar(20)
                                                   ,'admin'  -- c_by - IN varchar(100)
                                                   ,'2019-06-25' -- date - IN varchar(20)
                                                   ,'0'   -- rd_amount - IN double
                                                   ,'0'   -- fd_amount - IN double
                                                   ,'0'   -- in_mis - IN double
                                                   ,'0'   -- out_mis - IN double
                                                   ,'0'   -- out_mis - IN double
                                                   ,'0'   -- expense - IN double
                                                 )
