11/10/2020 11:29:54,090 || 7DW || INFO  Connection error : 0
11/10/2020 11:29:54,095 || 7DW || INFO  Query executed as : select f_user_detail.user_id, f_user_detail.c_date, role, branch_id from f_user_credential, f_user_detail where f_user_credential.user_id='admin' AND password='d033e22ae348aeb5660fc2140aec35850c4da997' AND status='1' AND f_user_credential.user_id=f_user_detail.user_id
11/10/2020 11:29:54,152 || 7DW || INFO  Flag set as 1
11/10/2020 11:29:54,153 || 7DW || INFO  Branch name And Id :: SELECT branch_id, district, branch_name, branch_code FROM branch WHERE branch_id='BRC001'
11/10/2020 11:29:54,177 || 7DW || INFO  query detail is : select * from f_user_detail where user_id='admin'
11/10/2020 11:29:54,178 || 7DW || INFO  Detail row count : 1
11/10/2020 11:29:57,409 || 7DW || INFO  select opening and closing table : SELECT opening_total_amount, closing_total_amount FROM opening_closing_amount ORDER BY id DESC LIMIT 1
11/10/2020 11:29:57,566 || 7DW || INFO  close: 0
11/10/2020 11:29:57,567 || 7DW || INFO  select expense: SELECT SUM(expense_amount) AS exp FROM expense WHERE expense_date='2020-10-11' AND status=1
11/10/2020 11:29:57,589 || 7DW || INFO  selectOpeningAmount: SELECT SUM(pay_amount) AS opening_amount FROM customer_installment_history WHERE pay_date='2020-10-11' AND status=1
11/10/2020 11:29:57,622 || 7DW || INFO  Total Open IF
11/10/2020 11:29:57,622 || 7DW || INFO  agntPayCommission: SELECT SUM(pay_amount) AS agentCommission FROM agent_pay_commission_history WHERE pay_date='2020-10-11' AND status=1
11/10/2020 11:29:57,643 || 7DW || INFO  customerReturnAmt: SELECT SUM(maturity_return_amount) AS maturityReturnAmount FROM customer_maturity_return_history WHERE status=1 AND return_date='2020-10-11'
11/10/2020 11:29:57,678 || 7DW || INFO  payMis: SELECT SUM(pay_amount) AS customerpPayMis FROM customer_pay_mis_history WHERE status=1 AND pay_date='2020-10-11'
11/10/2020 11:29:57,681 || 7DW || INFO  selectRd: SELECT cu.customer_id, cpm.customer_id, SUM(cih.pay_amount) AS rdAmount FROM customer AS cu, customer_plan_mapping AS cpm, customer_installment_history AS cih WHERE cpm.customer_id = cih.customer_id AND cu.customer_id = cpm.customer_id AND cu.status=1 AND cih.pay_date='2020-10-11' AND cpm.plan_type='RD'
11/10/2020 11:29:57,706 || 7DW || INFO  selectFD: SELECT cu.customer_id, cpm.customer_id, SUM(cih.pay_amount) AS fdAmount FROM customer AS cu, customer_plan_mapping AS cpm, customer_installment_history AS cih WHERE cpm.customer_id = cih.customer_id AND cu.customer_id = cpm.customer_id AND cu.status=1 AND cih.pay_date='2020-10-11' AND cpm.plan_type='FD'
11/10/2020 11:29:57,707 || 7DW || INFO  selectMIs: SELECT cu.customer_id, cpm.customer_id, SUM(cih.pay_amount) AS misAmount FROM customer AS cu, customer_plan_mapping AS cpm, customer_installment_history AS cih WHERE cpm.customer_id = cih.customer_id AND cu.customer_id = cpm.customer_id AND cu.status=1 AND cih.pay_date='2020-10-11' AND cpm.plan_type='MIS'
11/10/2020 11:29:57,709 || 7DW || INFO  Insert Opening and closing amount : INSERT INTO opening_closing_amount (
                                                    opening_total_amount
                                                   ,closing_total_amount
                                                   ,branch_id
                                                   ,c_by
                                                   ,`date`
                                                   ,rd_amount
                                                   ,fd_amount
                                                   ,in_mis
                                                   ,out_mis
                                                   ,maturity_return_amount
                                                   ,expense
                                                 ) VALUES (
                                                    '0' -- opening_total_amount - IN double
                                                    ,'0' -- closing_total_amount - IN double
                                                   ,'BRC001' -- branch_id - IN varchar(20)
                                                   ,'admin'  -- c_by - IN varchar(100)
                                                   ,'2020-10-11' -- date - IN varchar(20)
                                                   ,'0'   -- rd_amount - IN double
                                                   ,'0'   -- fd_amount - IN double
                                                   ,'0'   -- in_mis - IN double
                                                   ,'0'   -- out_mis - IN double
                                                   ,'0'   -- out_mis - IN double
                                                   ,'0'   -- expense - IN double
                                                 )
11/10/2020 13:14:07,987 || 7DW || INFO  Connection error : 0
11/10/2020 13:14:08,047 || 7DW || INFO  Query executed as : select f_user_detail.user_id, f_user_detail.c_date, role, branch_id from f_user_credential, f_user_detail where f_user_credential.user_id='admin' AND password='d033e22ae348aeb5660fc2140aec35850c4da997' AND status='1' AND f_user_credential.user_id=f_user_detail.user_id
11/10/2020 13:14:08,211 || 7DW || INFO  Flag set as 1
11/10/2020 13:14:08,211 || 7DW || INFO  Branch name And Id :: SELECT branch_id, district, branch_name, branch_code FROM branch WHERE branch_id='BRC001'
11/10/2020 13:14:08,273 || 7DW || INFO  query detail is : select * from f_user_detail where user_id='admin'
11/10/2020 13:14:08,274 || 7DW || INFO  Detail row count : 1
11/10/2020 13:14:11,807 || 7DW || INFO  select opening and closing table : SELECT opening_total_amount, closing_total_amount FROM opening_closing_amount ORDER BY id DESC LIMIT 1
11/10/2020 13:14:12,002 || 7DW || INFO  close: 0
11/10/2020 13:14:12,003 || 7DW || INFO  select expense: SELECT SUM(expense_amount) AS exp FROM expense WHERE expense_date='2020-10-11' AND status=1
11/10/2020 13:14:12,032 || 7DW || INFO  selectOpeningAmount: SELECT SUM(pay_amount) AS opening_amount FROM customer_installment_history WHERE pay_date='2020-10-11' AND status=1
11/10/2020 13:14:12,052 || 7DW || INFO  Total Open IF
11/10/2020 13:14:12,053 || 7DW || INFO  agntPayCommission: SELECT SUM(pay_amount) AS agentCommission FROM agent_pay_commission_history WHERE pay_date='2020-10-11' AND status=1
11/10/2020 13:14:12,095 || 7DW || INFO  customerReturnAmt: SELECT SUM(maturity_return_amount) AS maturityReturnAmount FROM customer_maturity_return_history WHERE status=1 AND return_date='2020-10-11'
11/10/2020 13:14:12,107 || 7DW || INFO  payMis: SELECT SUM(pay_amount) AS customerpPayMis FROM customer_pay_mis_history WHERE status=1 AND pay_date='2020-10-11'
11/10/2020 13:14:12,110 || 7DW || INFO  selectRd: SELECT cu.customer_id, cpm.customer_id, SUM(cih.pay_amount) AS rdAmount FROM customer AS cu, customer_plan_mapping AS cpm, customer_installment_history AS cih WHERE cpm.customer_id = cih.customer_id AND cu.customer_id = cpm.customer_id AND cu.status=1 AND cih.pay_date='2020-10-11' AND cpm.plan_type='RD'
11/10/2020 13:14:12,124 || 7DW || INFO  selectFD: SELECT cu.customer_id, cpm.customer_id, SUM(cih.pay_amount) AS fdAmount FROM customer AS cu, customer_plan_mapping AS cpm, customer_installment_history AS cih WHERE cpm.customer_id = cih.customer_id AND cu.customer_id = cpm.customer_id AND cu.status=1 AND cih.pay_date='2020-10-11' AND cpm.plan_type='FD'
11/10/2020 13:14:12,126 || 7DW || INFO  selectMIs: SELECT cu.customer_id, cpm.customer_id, SUM(cih.pay_amount) AS misAmount FROM customer AS cu, customer_plan_mapping AS cpm, customer_installment_history AS cih WHERE cpm.customer_id = cih.customer_id AND cu.customer_id = cpm.customer_id AND cu.status=1 AND cih.pay_date='2020-10-11' AND cpm.plan_type='MIS'
11/10/2020 13:14:12,127 || 7DW || INFO  Insert Opening and closing amount : INSERT INTO opening_closing_amount (
                                                    opening_total_amount
                                                   ,closing_total_amount
                                                   ,branch_id
                                                   ,c_by
                                                   ,`date`
                                                   ,rd_amount
                                                   ,fd_amount
                                                   ,in_mis
                                                   ,out_mis
                                                   ,maturity_return_amount
                                                   ,expense
                                                 ) VALUES (
                                                    '0' -- opening_total_amount - IN double
                                                    ,'0' -- closing_total_amount - IN double
                                                   ,'BRC001' -- branch_id - IN varchar(20)
                                                   ,'admin'  -- c_by - IN varchar(100)
                                                   ,'2020-10-11' -- date - IN varchar(20)
                                                   ,'0'   -- rd_amount - IN double
                                                   ,'0'   -- fd_amount - IN double
                                                   ,'0'   -- in_mis - IN double
                                                   ,'0'   -- out_mis - IN double
                                                   ,'0'   -- out_mis - IN double
                                                   ,'0'   -- expense - IN double
                                                 )
