03/10/2020 07:20:51,716 || 7DW || INFO  Connection error : 0
03/10/2020 07:20:51,749 || 7DW || INFO  Query executed as : select f_user_detail.user_id, f_user_detail.c_date, role, branch_id from f_user_credential, f_user_detail where f_user_credential.user_id='admin' AND password='d033e22ae348aeb5660fc2140aec35850c4da997' AND status='1' AND f_user_credential.user_id=f_user_detail.user_id
03/10/2020 07:20:51,900 || 7DW || INFO  Flag set as 1
03/10/2020 07:20:51,900 || 7DW || INFO  Branch name And Id :: SELECT branch_id, district, branch_name, branch_code FROM branch WHERE branch_id='BRC001'
03/10/2020 07:20:51,942 || 7DW || INFO  query detail is : select * from f_user_detail where user_id='admin'
03/10/2020 07:20:51,943 || 7DW || INFO  Detail row count : 1
03/10/2020 07:20:55,339 || 7DW || INFO  select opening and closing table : SELECT opening_total_amount, closing_total_amount FROM opening_closing_amount ORDER BY id DESC LIMIT 1
03/10/2020 07:20:55,364 || 7DW || INFO  close: 0
03/10/2020 07:20:55,364 || 7DW || INFO  select expense: SELECT SUM(expense_amount) AS exp FROM expense WHERE expense_date='2020-10-03' AND status=1
03/10/2020 07:20:55,388 || 7DW || INFO  selectOpeningAmount: SELECT SUM(pay_amount) AS opening_amount FROM customer_installment_history WHERE pay_date='2020-10-03' AND status=1
03/10/2020 07:20:55,409 || 7DW || INFO  Total Open IF
03/10/2020 07:20:55,410 || 7DW || INFO  agntPayCommission: SELECT SUM(pay_amount) AS agentCommission FROM agent_pay_commission_history WHERE pay_date='2020-10-03' AND status=1
03/10/2020 07:20:55,430 || 7DW || INFO  customerReturnAmt: SELECT SUM(maturity_return_amount) AS maturityReturnAmount FROM customer_maturity_return_history WHERE status=1 AND return_date='2020-10-03'
03/10/2020 07:20:55,442 || 7DW || INFO  payMis: SELECT SUM(pay_amount) AS customerpPayMis FROM customer_pay_mis_history WHERE status=1 AND pay_date='2020-10-03'
03/10/2020 07:20:55,445 || 7DW || INFO  selectRd: SELECT cu.customer_id, cpm.customer_id, SUM(cih.pay_amount) AS rdAmount FROM customer AS cu, customer_plan_mapping AS cpm, customer_installment_history AS cih WHERE cpm.customer_id = cih.customer_id AND cu.customer_id = cpm.customer_id AND cu.status=1 AND cih.pay_date='2020-10-03' AND cpm.plan_type='RD'
03/10/2020 07:20:55,459 || 7DW || INFO  selectFD: SELECT cu.customer_id, cpm.customer_id, SUM(cih.pay_amount) AS fdAmount FROM customer AS cu, customer_plan_mapping AS cpm, customer_installment_history AS cih WHERE cpm.customer_id = cih.customer_id AND cu.customer_id = cpm.customer_id AND cu.status=1 AND cih.pay_date='2020-10-03' AND cpm.plan_type='FD'
03/10/2020 07:20:55,461 || 7DW || INFO  selectMIs: SELECT cu.customer_id, cpm.customer_id, SUM(cih.pay_amount) AS misAmount FROM customer AS cu, customer_plan_mapping AS cpm, customer_installment_history AS cih WHERE cpm.customer_id = cih.customer_id AND cu.customer_id = cpm.customer_id AND cu.status=1 AND cih.pay_date='2020-10-03' AND cpm.plan_type='MIS'
03/10/2020 07:20:55,462 || 7DW || INFO  Insert Opening and closing amount : INSERT INTO opening_closing_amount (
                                                    opening_total_amount
                                                   ,closing_total_amount
                                                   ,branch_id
                                                   ,c_by
                                                   ,`date`
                                                   ,rd_amount
                                                   ,fd_amount
                                                   ,in_mis
                                                   ,out_mis
                                                   ,maturity_return_amount
                                                   ,expense
                                                 ) VALUES (
                                                    '0' -- opening_total_amount - IN double
                                                    ,'0' -- closing_total_amount - IN double
                                                   ,'BRC001' -- branch_id - IN varchar(20)
                                                   ,'admin'  -- c_by - IN varchar(100)
                                                   ,'2020-10-03' -- date - IN varchar(20)
                                                   ,'0'   -- rd_amount - IN double
                                                   ,'0'   -- fd_amount - IN double
                                                   ,'0'   -- in_mis - IN double
                                                   ,'0'   -- out_mis - IN double
                                                   ,'0'   -- out_mis - IN double
                                                   ,'0'   -- expense - IN double
                                                 )
03/10/2020 07:22:19,108 || 7DW || INFO  Check Plan Name query excuted as :: SELECT plan_name FROM plan WHERE plan_name='Profit Plus 10' AND status=1
03/10/2020 07:22:19,268 || 7DW || INFO  Check Plan Name query excuted as :: SELECT plan_name FROM plan WHERE plan_name='Profit Plus 1' AND status=1
03/10/2020 07:22:19,703 || 7DW || INFO  Check Plan Name query excuted as :: SELECT plan_name FROM plan WHERE plan_name='Profit Plus ' AND status=1
03/10/2020 07:22:19,863 || 7DW || INFO  Check Plan Name query excuted as :: SELECT plan_name FROM plan WHERE plan_name='Profit Plus' AND status=1
03/10/2020 07:22:20,354 || 7DW || INFO  Check Plan Name query excuted as :: SELECT plan_name FROM plan WHERE plan_name='Profit Plusdy' AND status=1
03/10/2020 07:22:20,443 || 7DW || INFO  Check Plan Name query excuted as :: SELECT plan_name FROM plan WHERE plan_name='Profit Plusdywe' AND status=1
03/10/2020 07:22:20,454 || 7DW || INFO  Check Plan Name query excuted as :: SELECT plan_name FROM plan WHERE plan_name='Profit Plusdywe' AND status=1
03/10/2020 07:22:20,473 || 7DW || INFO  Check Plan Name query excuted as :: SELECT plan_name FROM plan WHERE plan_name='Profit Plusdywe' AND status=1
03/10/2020 07:22:23,042 || 7DW || INFO  Common class create function query arg === UPDATE plan SET
                                plan_name = 'Profit Plusdywe' -- varchar(20)
                               ,duration_month = '60' -- varchar(200)
                               ,commission_in_per = '5' -- varchar(250)
                               ,plan_type = 'RD' -- varchar(200)
                               ,interest_rate_in_per = '10' -- varchar(20)
                             WHERE plan_id = '1' -- int(11)
03/10/2020 07:22:24,162 || 7DW || INFO  Common class create function query arg === UPDATE plan SET
                                plan_name = 'Profit Plusdywe' -- varchar(20)
                               ,duration_month = '60' -- varchar(200)
                               ,commission_in_per = '5' -- varchar(250)
                               ,plan_type = 'RD' -- varchar(200)
                               ,interest_rate_in_per = '10' -- varchar(20)
                             WHERE plan_id = '1' -- int(11)
03/10/2020 07:54:34,975 || 7DW || INFO  Check Plan Name query excuted as :: SELECT plan_name FROM plan WHERE plan_name='Profit Plusdywe' AND status=1
03/10/2020 07:54:35,165 || 7DW || INFO  Check Plan Name query excuted as :: SELECT plan_name FROM plan WHERE plan_name='Profit Plusdywe' AND status=1
03/10/2020 07:54:35,325 || 7DW || INFO  Check Plan Name query excuted as :: SELECT plan_name FROM plan WHERE plan_name='Profit Plusdywe' AND status=1
03/10/2020 07:54:35,355 || 7DW || INFO  Check Plan Name query excuted as :: SELECT plan_name FROM plan WHERE plan_name='Profit Plusdywe' AND status=1
03/10/2020 07:54:39,807 || 7DW || INFO  select opening and closing table : SELECT opening_total_amount, closing_total_amount FROM opening_closing_amount ORDER BY id DESC LIMIT 1
03/10/2020 07:54:39,810 || 7DW || INFO  close: 0
03/10/2020 07:54:39,810 || 7DW || INFO  select expense: SELECT SUM(expense_amount) AS exp FROM expense WHERE expense_date='2020-10-03' AND status=1
03/10/2020 07:54:39,812 || 7DW || INFO  selectOpeningAmount: SELECT SUM(pay_amount) AS opening_amount FROM customer_installment_history WHERE pay_date='2020-10-03' AND status=1
03/10/2020 07:54:39,813 || 7DW || INFO  Total Open IF
03/10/2020 07:54:39,814 || 7DW || INFO  agntPayCommission: SELECT SUM(pay_amount) AS agentCommission FROM agent_pay_commission_history WHERE pay_date='2020-10-03' AND status=1
03/10/2020 07:54:39,815 || 7DW || INFO  customerReturnAmt: SELECT SUM(maturity_return_amount) AS maturityReturnAmount FROM customer_maturity_return_history WHERE status=1 AND return_date='2020-10-03'
03/10/2020 07:54:39,816 || 7DW || INFO  payMis: SELECT SUM(pay_amount) AS customerpPayMis FROM customer_pay_mis_history WHERE status=1 AND pay_date='2020-10-03'
03/10/2020 07:54:39,817 || 7DW || INFO  selectRd: SELECT cu.customer_id, cpm.customer_id, SUM(cih.pay_amount) AS rdAmount FROM customer AS cu, customer_plan_mapping AS cpm, customer_installment_history AS cih WHERE cpm.customer_id = cih.customer_id AND cu.customer_id = cpm.customer_id AND cu.status=1 AND cih.pay_date='2020-10-03' AND cpm.plan_type='RD'
03/10/2020 07:54:39,819 || 7DW || INFO  selectFD: SELECT cu.customer_id, cpm.customer_id, SUM(cih.pay_amount) AS fdAmount FROM customer AS cu, customer_plan_mapping AS cpm, customer_installment_history AS cih WHERE cpm.customer_id = cih.customer_id AND cu.customer_id = cpm.customer_id AND cu.status=1 AND cih.pay_date='2020-10-03' AND cpm.plan_type='FD'
03/10/2020 07:54:39,820 || 7DW || INFO  selectMIs: SELECT cu.customer_id, cpm.customer_id, SUM(cih.pay_amount) AS misAmount FROM customer AS cu, customer_plan_mapping AS cpm, customer_installment_history AS cih WHERE cpm.customer_id = cih.customer_id AND cu.customer_id = cpm.customer_id AND cu.status=1 AND cih.pay_date='2020-10-03' AND cpm.plan_type='MIS'
03/10/2020 07:54:39,822 || 7DW || INFO  Insert Opening and closing amount : INSERT INTO opening_closing_amount (
                                                    opening_total_amount
                                                   ,closing_total_amount
                                                   ,branch_id
                                                   ,c_by
                                                   ,`date`
                                                   ,rd_amount
                                                   ,fd_amount
                                                   ,in_mis
                                                   ,out_mis
                                                   ,maturity_return_amount
                                                   ,expense
                                                 ) VALUES (
                                                    '0' -- opening_total_amount - IN double
                                                    ,'0' -- closing_total_amount - IN double
                                                   ,'BRC001' -- branch_id - IN varchar(20)
                                                   ,'admin'  -- c_by - IN varchar(100)
                                                   ,'2020-10-03' -- date - IN varchar(20)
                                                   ,'0'   -- rd_amount - IN double
                                                   ,'0'   -- fd_amount - IN double
                                                   ,'0'   -- in_mis - IN double
                                                   ,'0'   -- out_mis - IN double
                                                   ,'0'   -- out_mis - IN double
                                                   ,'0'   -- expense - IN double
                                                 )
03/10/2020 07:58:59,205 || 7DW || INFO  select branch id where reload branch id : Select * FROM branch WHERE branch_id='BRC002'
03/10/2020 07:59:07,216 || 7DW || INFO  select opening and closing table : SELECT opening_total_amount, closing_total_amount FROM opening_closing_amount ORDER BY id DESC LIMIT 1
03/10/2020 07:59:07,218 || 7DW || INFO  close: 0
03/10/2020 07:59:07,218 || 7DW || INFO  select expense: SELECT SUM(expense_amount) AS exp FROM expense WHERE expense_date='2020-10-03' AND status=1
03/10/2020 07:59:07,219 || 7DW || INFO  selectOpeningAmount: SELECT SUM(pay_amount) AS opening_amount FROM customer_installment_history WHERE pay_date='2020-10-03' AND status=1
03/10/2020 07:59:07,221 || 7DW || INFO  Total Open IF
03/10/2020 07:59:07,221 || 7DW || INFO  agntPayCommission: SELECT SUM(pay_amount) AS agentCommission FROM agent_pay_commission_history WHERE pay_date='2020-10-03' AND status=1
03/10/2020 07:59:07,222 || 7DW || INFO  customerReturnAmt: SELECT SUM(maturity_return_amount) AS maturityReturnAmount FROM customer_maturity_return_history WHERE status=1 AND return_date='2020-10-03'
03/10/2020 07:59:07,223 || 7DW || INFO  payMis: SELECT SUM(pay_amount) AS customerpPayMis FROM customer_pay_mis_history WHERE status=1 AND pay_date='2020-10-03'
03/10/2020 07:59:07,224 || 7DW || INFO  selectRd: SELECT cu.customer_id, cpm.customer_id, SUM(cih.pay_amount) AS rdAmount FROM customer AS cu, customer_plan_mapping AS cpm, customer_installment_history AS cih WHERE cpm.customer_id = cih.customer_id AND cu.customer_id = cpm.customer_id AND cu.status=1 AND cih.pay_date='2020-10-03' AND cpm.plan_type='RD'
03/10/2020 07:59:07,226 || 7DW || INFO  selectFD: SELECT cu.customer_id, cpm.customer_id, SUM(cih.pay_amount) AS fdAmount FROM customer AS cu, customer_plan_mapping AS cpm, customer_installment_history AS cih WHERE cpm.customer_id = cih.customer_id AND cu.customer_id = cpm.customer_id AND cu.status=1 AND cih.pay_date='2020-10-03' AND cpm.plan_type='FD'
03/10/2020 07:59:07,228 || 7DW || INFO  selectMIs: SELECT cu.customer_id, cpm.customer_id, SUM(cih.pay_amount) AS misAmount FROM customer AS cu, customer_plan_mapping AS cpm, customer_installment_history AS cih WHERE cpm.customer_id = cih.customer_id AND cu.customer_id = cpm.customer_id AND cu.status=1 AND cih.pay_date='2020-10-03' AND cpm.plan_type='MIS'
03/10/2020 07:59:07,231 || 7DW || INFO  Insert Opening and closing amount : INSERT INTO opening_closing_amount (
                                                    opening_total_amount
                                                   ,closing_total_amount
                                                   ,branch_id
                                                   ,c_by
                                                   ,`date`
                                                   ,rd_amount
                                                   ,fd_amount
                                                   ,in_mis
                                                   ,out_mis
                                                   ,maturity_return_amount
                                                   ,expense
                                                 ) VALUES (
                                                    '0' -- opening_total_amount - IN double
                                                    ,'0' -- closing_total_amount - IN double
                                                   ,'BRC002' -- branch_id - IN varchar(20)
                                                   ,'admin'  -- c_by - IN varchar(100)
                                                   ,'2020-10-03' -- date - IN varchar(20)
                                                   ,'0'   -- rd_amount - IN double
                                                   ,'0'   -- fd_amount - IN double
                                                   ,'0'   -- in_mis - IN double
                                                   ,'0'   -- out_mis - IN double
                                                   ,'0'   -- out_mis - IN double
                                                   ,'0'   -- expense - IN double
                                                 )
03/10/2020 07:59:52,219 || 7DW || INFO  Query executed as : select role_id from f_user_role ORDER BY id DESC limit 1
03/10/2020 07:59:52,268 || 7DW || INFO  Id fetched : 002
03/10/2020 07:59:52,268 || 7DW || INFO  New id generated : 3
03/10/2020 08:00:22,102 || 7DW || INFO  Query executed as : select role_id from f_user_role ORDER BY id DESC limit 1
03/10/2020 08:00:22,103 || 7DW || INFO  Id fetched : 002
03/10/2020 08:00:22,104 || 7DW || INFO  New id generated : 3
03/10/2020 08:01:15,222 || 7DW || INFO  Action id : searchCustomer
03/10/2020 08:01:15,223 || 7DW || INFO  Select Customer Details From Mis Detail (ajaxCommon.php) : SELECT cu.name, cu.father, cu.dob, cu.date_of_joining, cu.bank_name, cu.account_no, cu.ifsc_code, cu.account_holder_name, cu.expairy_date, cu.country, cu.gender, cu.post, cu.district, cu.pin_code, cu.address, cu.mobil_no, cu.gender, cu.nominee, cu.realation, cu.customer_img, cpm.agency_code, cpm.interest_rate_in_per, cpm.plan_name, cpm.plan_duration, cpm.plan_type, cpm.pay_mode, cpm.total_installment_amount, cpm.plan_type, cpm.installment_amount, cpm.no_of_installment, cpm.no_of_pay_installment, cih.customer_id, cih.reciept_no, cih.pay_amount, cih.pay_date, cih.no_of_installment AS cihNoOfInstallment, cmis.no_of_mis, cmis.no_of_pay_mis, cmis.mis_paid_upto_date, p.calculation_rate FROM customer AS cu, customer_plan_mapping AS cpm, customer_installment_history AS cih, customer_mis_info AS cmis, plan AS p WHERE cu.customer_id=cpm.customer_id AND cpm.customer_id = cih.customer_id AND cpm.customer_id = cmis.customer_id AND cu.customer_id='CU0000007' AND cpm.customer_id='CU0000007' AND cih.customer_id='CU0000007' AND cmis.customer_id='CU0000007' AND p.plan_id=cpm.plan_id
03/10/2020 08:01:15,278 || 7DW || INFO  Select Customer pay MIS History (ajaxCommon.php) : SELECT pay_amount, on_of_pay_mis, pay_date, transaction_id FROM customer_pay_mis_history WHERE status=1 AND customer_id='CU0000007'
03/10/2020 08:02:01,186 || 7DW || INFO  select opening and closing table : SELECT opening_total_amount, closing_total_amount FROM opening_closing_amount ORDER BY id DESC LIMIT 1
03/10/2020 08:02:01,189 || 7DW || INFO  close: 0
03/10/2020 08:02:01,190 || 7DW || INFO  select expense: SELECT SUM(expense_amount) AS exp FROM expense WHERE expense_date='2020-10-03' AND status=1
03/10/2020 08:02:01,191 || 7DW || INFO  selectOpeningAmount: SELECT SUM(pay_amount) AS opening_amount FROM customer_installment_history WHERE pay_date='2020-10-03' AND status=1
03/10/2020 08:02:01,192 || 7DW || INFO  Total Open IF
03/10/2020 08:02:01,192 || 7DW || INFO  agntPayCommission: SELECT SUM(pay_amount) AS agentCommission FROM agent_pay_commission_history WHERE pay_date='2020-10-03' AND status=1
03/10/2020 08:02:01,193 || 7DW || INFO  customerReturnAmt: SELECT SUM(maturity_return_amount) AS maturityReturnAmount FROM customer_maturity_return_history WHERE status=1 AND return_date='2020-10-03'
03/10/2020 08:02:01,194 || 7DW || INFO  payMis: SELECT SUM(pay_amount) AS customerpPayMis FROM customer_pay_mis_history WHERE status=1 AND pay_date='2020-10-03'
03/10/2020 08:02:01,195 || 7DW || INFO  selectRd: SELECT cu.customer_id, cpm.customer_id, SUM(cih.pay_amount) AS rdAmount FROM customer AS cu, customer_plan_mapping AS cpm, customer_installment_history AS cih WHERE cpm.customer_id = cih.customer_id AND cu.customer_id = cpm.customer_id AND cu.status=1 AND cih.pay_date='2020-10-03' AND cpm.plan_type='RD'
03/10/2020 08:02:01,197 || 7DW || INFO  selectFD: SELECT cu.customer_id, cpm.customer_id, SUM(cih.pay_amount) AS fdAmount FROM customer AS cu, customer_plan_mapping AS cpm, customer_installment_history AS cih WHERE cpm.customer_id = cih.customer_id AND cu.customer_id = cpm.customer_id AND cu.status=1 AND cih.pay_date='2020-10-03' AND cpm.plan_type='FD'
03/10/2020 08:02:01,198 || 7DW || INFO  selectMIs: SELECT cu.customer_id, cpm.customer_id, SUM(cih.pay_amount) AS misAmount FROM customer AS cu, customer_plan_mapping AS cpm, customer_installment_history AS cih WHERE cpm.customer_id = cih.customer_id AND cu.customer_id = cpm.customer_id AND cu.status=1 AND cih.pay_date='2020-10-03' AND cpm.plan_type='MIS'
03/10/2020 08:02:01,200 || 7DW || INFO  Insert Opening and closing amount : INSERT INTO opening_closing_amount (
                                                    opening_total_amount
                                                   ,closing_total_amount
                                                   ,branch_id
                                                   ,c_by
                                                   ,`date`
                                                   ,rd_amount
                                                   ,fd_amount
                                                   ,in_mis
                                                   ,out_mis
                                                   ,maturity_return_amount
                                                   ,expense
                                                 ) VALUES (
                                                    '0' -- opening_total_amount - IN double
                                                    ,'0' -- closing_total_amount - IN double
                                                   ,'BRC002' -- branch_id - IN varchar(20)
                                                   ,'admin'  -- c_by - IN varchar(100)
                                                   ,'2020-10-03' -- date - IN varchar(20)
                                                   ,'0'   -- rd_amount - IN double
                                                   ,'0'   -- fd_amount - IN double
                                                   ,'0'   -- in_mis - IN double
                                                   ,'0'   -- out_mis - IN double
                                                   ,'0'   -- out_mis - IN double
                                                   ,'0'   -- expense - IN double
                                                 )
