14/06/2019 12:04:43,945 || 7DW || INFO  Arrived at Branch Controller
14/06/2019 15:34:43,947 || 7DW || INFO  Common class create function query arg === INSERT INTO customer_maturity_return_history (
                                                                            customer_id
                                                                           ,maturity_return_amount
                                                                           ,return_date
                                                                           ,transaction_id
                                                                           ,c_by
                                                                           ,status
                                                                           ,branch_id
                                                                         ) VALUES (
                                                                            'CU0000015' -- customer_id - IN varchar(20)
                                                                           ,'90000' -- maturity_return_amount - IN double
                                                                           ,'2019-07-01' -- return_date - IN varchar(20)
                                                                           ,'999999999999' -- transaction_id - IN varchar(20)
                                                                           ,'admin' -- c_by - IN varchar(20)
                                                                           ,1 -- status - IN int(10)
                                                                           ,'BRC001' -- branch_id - IN varchar(20)
                                                                         )
14/06/2019 15:34:44,735 || 7DW || DEBUG URL set as : ../../view/customer/claimedMaturityPendingList.php?info=You have successfully not paid  maturity return amount to Ajit  kumar   jaisawal !&token=2711ab32f69d23c546d5411382c724a6
14/06/2019 12:09:41,551 || 7DW || INFO  Arrived at Branch Controller
14/06/2019 15:39:41,565 || 7DW || INFO  Common class create function query arg === INSERT INTO customer_maturity_return_history (
                                                                            customer_id
                                                                           ,maturity_return_amount
                                                                           ,return_date
                                                                           ,`transaction_ id`
                                                                           ,c_by
                                                                           ,status
                                                                           ,branch_id
                                                                         ) VALUES (
                                                                            'CU0000015' -- customer_id - IN varchar(20)
                                                                           ,'90000' -- maturity_return_amount - IN double
                                                                           ,'2019-06-07' -- return_date - IN varchar(20)
                                                                           ,'999999999999' -- transaction_id - IN varchar(20)
                                                                           ,'admin' -- c_by - IN varchar(20)
                                                                           ,1 -- status - IN int(10)
                                                                           ,'BRC001' -- branch_id - IN varchar(20)
                                                                         )
14/06/2019 15:39:41,719 || 7DW || INFO  Update customer table : UPDATE customer SET claimed_maturity_payment_status=1, maturity_return_paid_date='2019-06-07' WHERE id ='16' AND customer_id='CU0000015'
14/06/2019 15:39:42,631 || 7DW || DEBUG URL set as : ../../view/customer/claimedMaturityPaidList.php?info=You have successfully paid maturity return amount to Ajit  kumar   jaisawal .&token=f655e8f9339af2b629ebed05b585423a
14/06/2019 12:30:22,454 || 7DW || INFO  select opening and closing table : SELECT opening_total_amount, closing_total_amount FROM opening_closing_amount ORDER BY id DESC LIMIT 1
14/06/2019 12:30:22,468 || 7DW || INFO  close: 0
14/06/2019 12:30:22,468 || 7DW || INFO  selectOpeningAmount: SELECT SUM(pay_amount) AS opening_amount FROM customer_installment_history WHERE pay_date='2019-06-14' AND status=1
14/06/2019 12:30:22,502 || 7DW || INFO  Total Open IF
14/06/2019 12:30:22,503 || 7DW || INFO  agntPayCommission: SELECT SUM(pay_amount) AS agentCommission FROM agent_pay_commission_history WHERE pay_date='2019-06-14' AND status=1
14/06/2019 12:30:22,511 || 7DW || INFO  customerReturnAmt: SELECT SUM(maturity_return_amount) AS maturityReturnAmount FROM customer_maturity_return_history WHERE status=1 AND return_date='2019-06-14'
14/06/2019 12:30:22,513 || 7DW || INFO  payMis: SELECT SUM(pay_amount) AS customerpPayMis FROM customer_pay_mis_history WHERE status=1 AND pay_date='2019-06-14'
14/06/2019 12:30:22,527 || 7DW || INFO  selectRd: SELECT cu.customer_id, cpm.customer_id, SUM(cih.pay_amount) AS rdAmount FROM customer AS cu, customer_plan_mapping AS cpm, customer_installment_history AS cih WHERE cpm.customer_id = cih.customer_id AND cu.customer_id = cpm.customer_id AND cu.status=1 AND cih.pay_date='2019-06-14' AND cpm.plan_type='RD'
14/06/2019 12:30:22,542 || 7DW || INFO  selectFD: SELECT cu.customer_id, cpm.customer_id, SUM(cih.pay_amount) AS fdAmount FROM customer AS cu, customer_plan_mapping AS cpm, customer_installment_history AS cih WHERE cpm.customer_id = cih.customer_id AND cu.customer_id = cpm.customer_id AND cu.status=1 AND cih.pay_date='2019-06-14' AND cpm.plan_type='FD'
14/06/2019 12:30:22,544 || 7DW || INFO  selectMIs: SELECT cu.customer_id, cpm.customer_id, SUM(cih.pay_amount) AS misAmount FROM customer AS cu, customer_plan_mapping AS cpm, customer_installment_history AS cih WHERE cpm.customer_id = cih.customer_id AND cu.customer_id = cpm.customer_id AND cu.status=1 AND cih.pay_date='2019-06-14' AND cpm.plan_type='MIS'
14/06/2019 12:30:22,545 || 7DW || INFO  Insert Opening and closing amount : INSERT INTO opening_closing_amount (
                                                    opening_total_amount
                                                   ,closing_total_amount
                                                   ,branch_id
                                                   ,c_by
                                                   ,`date`
                                                   ,rd_amount
                                                   ,fd_amount
                                                   ,in_mis
                                                   ,out_mis
                                                   ,maturity_return_amount
                                                 ) VALUES (
                                                    '0' -- opening_total_amount - IN double
                                                    ,'0' -- closing_total_amount - IN double
                                                   ,'BRC001' -- branch_id - IN varchar(20)
                                                   ,'admin'  -- c_by - IN varchar(100)
                                                   ,'2019-06-14' -- date - IN varchar(20)
                                                   ,'0'   -- rd_amount - IN double
                                                   ,'0'   -- fd_amount - IN double
                                                   ,'0'   -- in_mis - IN double
                                                   ,'0'   -- out_mis - IN double
                                                   ,'0'   -- out_mis - IN double
                                                 )
14/06/2019 13:38:26,747 || 7DW || INFO  Common class create function query arg === INSERT INTO expense (
                                             expense_id
                                            ,user_id
                                            ,branch_id
                                            ,expense_name
                                            ,description
                                            ,expense_amount
                                            ,expense_date
                                            ,status
                                          ) VALUES (
                                             '1560512306' -- expense_id - IN varchar(50)
                                            ,'admin' -- user_id - IN varchar(40)
                                            ,'BRC001' -- branch_id - IN varchar(50)
                                            ,'Parle' -- expense_name - IN varchar(250)
                                            ,'Parle'  -- description - IN text
                                            ,'1000' -- expense_amount - IN float
                                            ,'2019-06-14' -- expense_date - IN varchar(20)
                                            ,1 -- status - IN int(5)
                                          )
14/06/2019 13:41:33,566 || 7DW || INFO  select branch id where reload branch id : Select * FROM branch WHERE branch_id='BRC002'
14/06/2019 13:42:09,236 || 7DW || INFO  Common class create function query arg === INSERT INTO expense (
                                             expense_id
                                            ,user_id
                                            ,branch_id
                                            ,expense_name
                                            ,description
                                            ,expense_amount
                                            ,expense_date
                                            ,status
                                          ) VALUES (
                                             '1560512529' -- expense_id - IN varchar(50)
                                            ,'admin' -- user_id - IN varchar(40)
                                            ,'BRC002' -- branch_id - IN varchar(50)
                                            ,'Orange' -- expense_name - IN varchar(250)
                                            ,'Orange'  -- description - IN text
                                            ,'5' -- expense_amount - IN float
                                            ,'2019-06-14' -- expense_date - IN varchar(20)
                                            ,1 -- status - IN int(5)
                                          )
14/06/2019 14:29:11,686 || 7DW || INFO  Common class create function query arg === UPDATE expense SET
                                    expense_name = 'Orange' -- varchar(250)
                                   ,description = 'Orange, Tea' -- text
                                   ,expense_amount = '5' -- float
                                   ,expense_date = '2019-06-14' -- varchar(20)
                                 WHERE expense_id =  '1560512529'-- int(11)
