13/06/2019 12:37:23,803 || 7DW || INFO  Select Customer pay MIS History (ajaxCommon.php) : SELECT cpmh.pay_amount, cpmh.on_of_pay_mis, cpmh.pay_date, cpmh.transaction_id, cih.reciept_no FROM customer_pay_mis_history  AS cpmh, customer_installment_history AS cih WHERE cpmh.status=1 AND cpmh.customer_id=cih.customer_id AND cpmh.customer_id='CU0000007' AND cih.customer_id='CU0000007' ORDER BY cpmh.id DESC
13/06/2019 12:37:42,338 || 7DW || INFO  Action id : payCustomerMisAmount
13/06/2019 12:37:42,339 || 7DW || INFO  Select Customer Mis Info Details From ajaxCommon.php: SELECT customer_id, no_of_mis, no_of_pay_mis, mis_paid_upto_date FROM customer_mis_info WHERE customer_id='CU0000007' AND status=1
13/06/2019 12:37:42,340 || 7DW || INFO  New Mis Paid Date From ajaxCommon.php: 2018-01-14
13/06/2019 12:37:42,340 || 7DW || INFO  Insert Customer Pay Mis History Detail from ajaxCommon.php: INSERT INTO customer_pay_mis_history (
                                                                                customer_id
                                                                               ,pay_amount
                                                                               ,on_of_pay_mis
                                                                               ,pay_date
                                                                               ,transaction_id
                                                                               ,c_by
                                                                               ,status
                                                                             ) VALUES (
                                                                                'CU0000007' -- customer_id - IN varchar(50)
                                                                               ,'2000.00' -- pay_amount - IN double
                                                                               ,'1' -- on_of_pay_mis - IN int(50)
                                                                               ,'2019-06-13' -- pay_date - IN varchar(20)
                                                                               ,'222222222222' -- transaction_id - IN varchar(30)
                                                                               ,'admin'  -- c_by - IN varchar(20)
                                                                               ,1 -- status - IN int(1)
                                                                             )
13/06/2019 12:37:42,421 || 7DW || INFO  Update Customer Mis Info From ajaxCommon.php: UPDATE customer_mis_info SET no_of_pay_mis='10', mis_paid_upto_date='2018-01-14' WHERE Customer_id='CU0000007'
13/06/2019 12:37:44,060 || 7DW || INFO  Select Customer pay MIS History (ajaxCommon.php) : SELECT cpmh.pay_amount, cpmh.on_of_pay_mis, cpmh.pay_date, cpmh.transaction_id, cih.reciept_no FROM customer_pay_mis_history  AS cpmh, customer_installment_history AS cih WHERE cpmh.status=1 AND cpmh.customer_id=cih.customer_id AND cpmh.customer_id='CU0000007' AND cih.customer_id='CU0000007' ORDER BY cpmh.id DESC
13/06/2019 12:38:36,404 || 7DW || INFO  Action id : searchCustomer
13/06/2019 12:38:36,407 || 7DW || INFO  Select Customer Details From Mis Detail (ajaxCommon.php) : SELECT cu.name, cu.father, cu.dob, cu.date_of_joining, cu.bank_name, cu.account_no, cu.ifsc_code, cu.account_holder_name, cu.expairy_date, cu.country, cu.gender, cu.post, cu.district, cu.pin_code, cu.address, cu.mobil_no, cu.gender, cu.nominee, cu.realation, cu.customer_img, cpm.agency_code, cpm.interest_rate_in_per, cpm.plan_name, cpm.plan_duration, cpm.plan_type, cpm.pay_mode, cpm.total_installment_amount, cpm.plan_type, cpm.installment_amount, cpm.no_of_installment, cpm.no_of_pay_installment, cih.customer_id, cih.reciept_no, cih.pay_amount, cih.pay_date, cih.no_of_installment AS cihNoOfInstallment, cmis.no_of_mis, cmis.no_of_pay_mis, cmis.mis_paid_upto_date, p.calculation_rate FROM customer AS cu, customer_plan_mapping AS cpm, customer_installment_history AS cih, customer_mis_info AS cmis, plan AS p WHERE cu.customer_id=cpm.customer_id AND cpm.customer_id = cih.customer_id AND cpm.customer_id = cmis.customer_id AND cu.customer_id='CU0000007' AND cpm.customer_id='CU0000007' AND cih.customer_id='CU0000007' AND cmis.customer_id='CU0000007' AND p.plan_id=cpm.plan_id
13/06/2019 12:38:36,410 || 7DW || INFO  Select Customer pay MIS History (ajaxCommon.php) : SELECT pay_amount, on_of_pay_mis, pay_date, transaction_id FROM customer_pay_mis_history WHERE status=1 AND customer_id='CU0000007'
13/06/2019 12:42:21,378 || 7DW || INFO  Action id : searchCustomer
13/06/2019 12:42:21,379 || 7DW || INFO  Select Customer Details From Mis Detail (ajaxCommon.php) : SELECT cu.name, cu.father, cu.dob, cu.date_of_joining, cu.bank_name, cu.account_no, cu.ifsc_code, cu.account_holder_name, cu.expairy_date, cu.country, cu.gender, cu.post, cu.district, cu.pin_code, cu.address, cu.mobil_no, cu.gender, cu.nominee, cu.realation, cu.customer_img, cpm.agency_code, cpm.interest_rate_in_per, cpm.plan_name, cpm.plan_duration, cpm.plan_type, cpm.pay_mode, cpm.total_installment_amount, cpm.plan_type, cpm.installment_amount, cpm.no_of_installment, cpm.no_of_pay_installment, cih.customer_id, cih.reciept_no, cih.pay_amount, cih.pay_date, cih.no_of_installment AS cihNoOfInstallment, cmis.no_of_mis, cmis.no_of_pay_mis, cmis.mis_paid_upto_date, p.calculation_rate FROM customer AS cu, customer_plan_mapping AS cpm, customer_installment_history AS cih, customer_mis_info AS cmis, plan AS p WHERE cu.customer_id=cpm.customer_id AND cpm.customer_id = cih.customer_id AND cpm.customer_id = cmis.customer_id AND cu.customer_id='CU0000007' AND cpm.customer_id='CU0000007' AND cih.customer_id='CU0000007' AND cmis.customer_id='CU0000007' AND p.plan_id=cpm.plan_id
13/06/2019 12:42:21,381 || 7DW || INFO  Select Customer pay MIS History (ajaxCommon.php) : SELECT pay_amount, on_of_pay_mis, pay_date, transaction_id FROM customer_pay_mis_history WHERE status=1 AND customer_id='CU0000007'
13/06/2019 12:42:31,478 || 7DW || INFO  Action id : payCustomerMisAmount
13/06/2019 12:42:31,478 || 7DW || INFO  Select Customer Mis Info Details From ajaxCommon.php: SELECT customer_id, no_of_mis, no_of_pay_mis, mis_paid_upto_date FROM customer_mis_info WHERE customer_id='CU0000007' AND status=1
13/06/2019 12:42:31,480 || 7DW || INFO  New Mis Paid Date From ajaxCommon.php: 2018-02-14
13/06/2019 12:42:31,481 || 7DW || INFO  Insert Customer Pay Mis History Detail from ajaxCommon.php: INSERT INTO customer_pay_mis_history (
                                                                                customer_id
                                                                               ,pay_amount
                                                                               ,on_of_pay_mis
                                                                               ,pay_date
                                                                               ,transaction_id
                                                                               ,c_by
                                                                               ,status
                                                                             ) VALUES (
                                                                                'CU0000007' -- customer_id - IN varchar(50)
                                                                               ,'2000' -- pay_amount - IN double
                                                                               ,'1' -- on_of_pay_mis - IN int(50)
                                                                               ,'2019-06-13' -- pay_date - IN varchar(20)
                                                                               ,'999999999999' -- transaction_id - IN varchar(30)
                                                                               ,'admin'  -- c_by - IN varchar(20)
                                                                               ,1 -- status - IN int(1)
                                                                             )
13/06/2019 12:42:31,635 || 7DW || INFO  Update Customer Mis Info From ajaxCommon.php: UPDATE customer_mis_info SET no_of_pay_mis='11', mis_paid_upto_date='2018-02-14' WHERE Customer_id='CU0000007'
13/06/2019 12:42:35,846 || 7DW || INFO  Action id : searchCustomer
13/06/2019 12:42:35,847 || 7DW || INFO  Select Customer Details From Mis Detail (ajaxCommon.php) : SELECT cu.name, cu.father, cu.dob, cu.date_of_joining, cu.bank_name, cu.account_no, cu.ifsc_code, cu.account_holder_name, cu.expairy_date, cu.country, cu.gender, cu.post, cu.district, cu.pin_code, cu.address, cu.mobil_no, cu.gender, cu.nominee, cu.realation, cu.customer_img, cpm.agency_code, cpm.interest_rate_in_per, cpm.plan_name, cpm.plan_duration, cpm.plan_type, cpm.pay_mode, cpm.total_installment_amount, cpm.plan_type, cpm.installment_amount, cpm.no_of_installment, cpm.no_of_pay_installment, cih.customer_id, cih.reciept_no, cih.pay_amount, cih.pay_date, cih.no_of_installment AS cihNoOfInstallment, cmis.no_of_mis, cmis.no_of_pay_mis, cmis.mis_paid_upto_date, p.calculation_rate FROM customer AS cu, customer_plan_mapping AS cpm, customer_installment_history AS cih, customer_mis_info AS cmis, plan AS p WHERE cu.customer_id=cpm.customer_id AND cpm.customer_id = cih.customer_id AND cpm.customer_id = cmis.customer_id AND cu.customer_id='CU0000031' AND cpm.customer_id='CU0000031' AND cih.customer_id='CU0000031' AND cmis.customer_id='CU0000031' AND p.plan_id=cpm.plan_id
13/06/2019 12:42:35,850 || 7DW || INFO  Select Customer pay MIS History (ajaxCommon.php) : SELECT pay_amount, on_of_pay_mis, pay_date, transaction_id FROM customer_pay_mis_history WHERE status=1 AND customer_id='CU0000031'
13/06/2019 12:42:38,385 || 7DW || INFO  Action id : searchCustomer
13/06/2019 12:42:38,387 || 7DW || INFO  Select Customer Details From Mis Detail (ajaxCommon.php) : SELECT cu.name, cu.father, cu.dob, cu.date_of_joining, cu.bank_name, cu.account_no, cu.ifsc_code, cu.account_holder_name, cu.expairy_date, cu.country, cu.gender, cu.post, cu.district, cu.pin_code, cu.address, cu.mobil_no, cu.gender, cu.nominee, cu.realation, cu.customer_img, cpm.agency_code, cpm.interest_rate_in_per, cpm.plan_name, cpm.plan_duration, cpm.plan_type, cpm.pay_mode, cpm.total_installment_amount, cpm.plan_type, cpm.installment_amount, cpm.no_of_installment, cpm.no_of_pay_installment, cih.customer_id, cih.reciept_no, cih.pay_amount, cih.pay_date, cih.no_of_installment AS cihNoOfInstallment, cmis.no_of_mis, cmis.no_of_pay_mis, cmis.mis_paid_upto_date, p.calculation_rate FROM customer AS cu, customer_plan_mapping AS cpm, customer_installment_history AS cih, customer_mis_info AS cmis, plan AS p WHERE cu.customer_id=cpm.customer_id AND cpm.customer_id = cih.customer_id AND cpm.customer_id = cmis.customer_id AND cu.customer_id='CU0000008' AND cpm.customer_id='CU0000008' AND cih.customer_id='CU0000008' AND cmis.customer_id='CU0000008' AND p.plan_id=cpm.plan_id
13/06/2019 12:42:38,389 || 7DW || INFO  Select Customer pay MIS History (ajaxCommon.php) : SELECT pay_amount, on_of_pay_mis, pay_date, transaction_id FROM customer_pay_mis_history WHERE status=1 AND customer_id='CU0000008'
13/06/2019 12:42:44,047 || 7DW || INFO  Action id : searchCustomer
13/06/2019 12:42:44,049 || 7DW || INFO  Select Customer Details From Mis Detail (ajaxCommon.php) : SELECT cu.name, cu.father, cu.dob, cu.date_of_joining, cu.bank_name, cu.account_no, cu.ifsc_code, cu.account_holder_name, cu.expairy_date, cu.country, cu.gender, cu.post, cu.district, cu.pin_code, cu.address, cu.mobil_no, cu.gender, cu.nominee, cu.realation, cu.customer_img, cpm.agency_code, cpm.interest_rate_in_per, cpm.plan_name, cpm.plan_duration, cpm.plan_type, cpm.pay_mode, cpm.total_installment_amount, cpm.plan_type, cpm.installment_amount, cpm.no_of_installment, cpm.no_of_pay_installment, cih.customer_id, cih.reciept_no, cih.pay_amount, cih.pay_date, cih.no_of_installment AS cihNoOfInstallment, cmis.no_of_mis, cmis.no_of_pay_mis, cmis.mis_paid_upto_date, p.calculation_rate FROM customer AS cu, customer_plan_mapping AS cpm, customer_installment_history AS cih, customer_mis_info AS cmis, plan AS p WHERE cu.customer_id=cpm.customer_id AND cpm.customer_id = cih.customer_id AND cpm.customer_id = cmis.customer_id AND cu.customer_id='CU0000007' AND cpm.customer_id='CU0000007' AND cih.customer_id='CU0000007' AND cmis.customer_id='CU0000007' AND p.plan_id=cpm.plan_id
13/06/2019 12:42:44,052 || 7DW || INFO  Select Customer pay MIS History (ajaxCommon.php) : SELECT pay_amount, on_of_pay_mis, pay_date, transaction_id FROM customer_pay_mis_history WHERE status=1 AND customer_id='CU0000007'
13/06/2019 12:43:04,450 || 7DW || INFO  Action id : searchCustomer
13/06/2019 12:43:04,451 || 7DW || INFO  Select Customer Details From Mis Detail (ajaxCommon.php) : SELECT cu.name, cu.father, cu.dob, cu.date_of_joining, cu.bank_name, cu.account_no, cu.ifsc_code, cu.account_holder_name, cu.expairy_date, cu.country, cu.gender, cu.post, cu.district, cu.pin_code, cu.address, cu.mobil_no, cu.gender, cu.nominee, cu.realation, cu.customer_img, cpm.agency_code, cpm.interest_rate_in_per, cpm.plan_name, cpm.plan_duration, cpm.plan_type, cpm.pay_mode, cpm.total_installment_amount, cpm.plan_type, cpm.installment_amount, cpm.no_of_installment, cpm.no_of_pay_installment, cih.customer_id, cih.reciept_no, cih.pay_amount, cih.pay_date, cih.no_of_installment AS cihNoOfInstallment, cmis.no_of_mis, cmis.no_of_pay_mis, cmis.mis_paid_upto_date, p.calculation_rate FROM customer AS cu, customer_plan_mapping AS cpm, customer_installment_history AS cih, customer_mis_info AS cmis, plan AS p WHERE cu.customer_id=cpm.customer_id AND cpm.customer_id = cih.customer_id AND cpm.customer_id = cmis.customer_id AND cu.customer_id='' AND cpm.customer_id='' AND cih.customer_id='' AND cmis.customer_id='' AND p.plan_id=cpm.plan_id
13/06/2019 12:43:08,157 || 7DW || INFO  Action id : searchCustomer
13/06/2019 12:43:08,158 || 7DW || INFO  Select Customer Details From Mis Detail (ajaxCommon.php) : SELECT cu.name, cu.father, cu.dob, cu.date_of_joining, cu.bank_name, cu.account_no, cu.ifsc_code, cu.account_holder_name, cu.expairy_date, cu.country, cu.gender, cu.post, cu.district, cu.pin_code, cu.address, cu.mobil_no, cu.gender, cu.nominee, cu.realation, cu.customer_img, cpm.agency_code, cpm.interest_rate_in_per, cpm.plan_name, cpm.plan_duration, cpm.plan_type, cpm.pay_mode, cpm.total_installment_amount, cpm.plan_type, cpm.installment_amount, cpm.no_of_installment, cpm.no_of_pay_installment, cih.customer_id, cih.reciept_no, cih.pay_amount, cih.pay_date, cih.no_of_installment AS cihNoOfInstallment, cmis.no_of_mis, cmis.no_of_pay_mis, cmis.mis_paid_upto_date, p.calculation_rate FROM customer AS cu, customer_plan_mapping AS cpm, customer_installment_history AS cih, customer_mis_info AS cmis, plan AS p WHERE cu.customer_id=cpm.customer_id AND cpm.customer_id = cih.customer_id AND cpm.customer_id = cmis.customer_id AND cu.customer_id='CU0000007' AND cpm.customer_id='CU0000007' AND cih.customer_id='CU0000007' AND cmis.customer_id='CU0000007' AND p.plan_id=cpm.plan_id
13/06/2019 12:43:08,159 || 7DW || INFO  Select Customer pay MIS History (ajaxCommon.php) : SELECT pay_amount, on_of_pay_mis, pay_date, transaction_id FROM customer_pay_mis_history WHERE status=1 AND customer_id='CU0000007'
13/06/2019 12:45:30,024 || 7DW || INFO  Action id : payCustomerMisAmount
13/06/2019 12:45:30,025 || 7DW || INFO  Select Customer Mis Info Details From ajaxCommon.php: SELECT customer_id, no_of_mis, no_of_pay_mis, mis_paid_upto_date FROM customer_mis_info WHERE customer_id='CU0000007' AND status=1
13/06/2019 12:45:30,027 || 7DW || INFO  New Mis Paid Date From ajaxCommon.php: 2018-03-14
13/06/2019 12:45:30,027 || 7DW || INFO  Insert Customer Pay Mis History Detail from ajaxCommon.php: INSERT INTO customer_pay_mis_history (
                                                                                customer_id
                                                                               ,pay_amount
                                                                               ,on_of_pay_mis
                                                                               ,pay_date
                                                                               ,transaction_id
                                                                               ,c_by
                                                                               ,status
                                                                             ) VALUES (
                                                                                'CU0000007' -- customer_id - IN varchar(50)
                                                                               ,'2000' -- pay_amount - IN double
                                                                               ,'1' -- on_of_pay_mis - IN int(50)
                                                                               ,'2019-06-13' -- pay_date - IN varchar(20)
                                                                               ,'233434343334' -- transaction_id - IN varchar(30)
                                                                               ,'admin'  -- c_by - IN varchar(20)
                                                                               ,1 -- status - IN int(1)
                                                                             )
13/06/2019 12:45:30,109 || 7DW || INFO  Update Customer Mis Info From ajaxCommon.php: UPDATE customer_mis_info SET no_of_pay_mis='12', mis_paid_upto_date='2018-03-14' WHERE Customer_id='CU0000007'
13/06/2019 12:47:35,247 || 7DW || INFO  Action id : searchCustomer
13/06/2019 12:47:35,248 || 7DW || INFO  Select Customer Details From Mis Detail (ajaxCommon.php) : SELECT cu.name, cu.father, cu.dob, cu.date_of_joining, cu.bank_name, cu.account_no, cu.ifsc_code, cu.account_holder_name, cu.expairy_date, cu.country, cu.gender, cu.post, cu.district, cu.pin_code, cu.address, cu.mobil_no, cu.gender, cu.nominee, cu.realation, cu.customer_img, cpm.agency_code, cpm.interest_rate_in_per, cpm.plan_name, cpm.plan_duration, cpm.plan_type, cpm.pay_mode, cpm.total_installment_amount, cpm.plan_type, cpm.installment_amount, cpm.no_of_installment, cpm.no_of_pay_installment, cih.customer_id, cih.reciept_no, cih.pay_amount, cih.pay_date, cih.no_of_installment AS cihNoOfInstallment, cmis.no_of_mis, cmis.no_of_pay_mis, cmis.mis_paid_upto_date, p.calculation_rate FROM customer AS cu, customer_plan_mapping AS cpm, customer_installment_history AS cih, customer_mis_info AS cmis, plan AS p WHERE cu.customer_id=cpm.customer_id AND cpm.customer_id = cih.customer_id AND cpm.customer_id = cmis.customer_id AND cu.customer_id='CU0000007' AND cpm.customer_id='CU0000007' AND cih.customer_id='CU0000007' AND cmis.customer_id='CU0000007' AND p.plan_id=cpm.plan_id
13/06/2019 12:47:35,250 || 7DW || INFO  Select Customer pay MIS History (ajaxCommon.php) : SELECT pay_amount, on_of_pay_mis, pay_date, transaction_id FROM customer_pay_mis_history WHERE status=1 AND customer_id='CU0000007'
13/06/2019 12:48:08,242 || 7DW || INFO  Action id : searchCustomer
13/06/2019 12:48:08,243 || 7DW || INFO  Select Customer Details From Mis Detail (ajaxCommon.php) : SELECT cu.name, cu.father, cu.dob, cu.date_of_joining, cu.bank_name, cu.account_no, cu.ifsc_code, cu.account_holder_name, cu.expairy_date, cu.country, cu.gender, cu.post, cu.district, cu.pin_code, cu.address, cu.mobil_no, cu.gender, cu.nominee, cu.realation, cu.customer_img, cpm.agency_code, cpm.interest_rate_in_per, cpm.plan_name, cpm.plan_duration, cpm.plan_type, cpm.pay_mode, cpm.total_installment_amount, cpm.plan_type, cpm.installment_amount, cpm.no_of_installment, cpm.no_of_pay_installment, cih.customer_id, cih.reciept_no, cih.pay_amount, cih.pay_date, cih.no_of_installment AS cihNoOfInstallment, cmis.no_of_mis, cmis.no_of_pay_mis, cmis.mis_paid_upto_date, p.calculation_rate FROM customer AS cu, customer_plan_mapping AS cpm, customer_installment_history AS cih, customer_mis_info AS cmis, plan AS p WHERE cu.customer_id=cpm.customer_id AND cpm.customer_id = cih.customer_id AND cpm.customer_id = cmis.customer_id AND cu.customer_id='CU0000008' AND cpm.customer_id='CU0000008' AND cih.customer_id='CU0000008' AND cmis.customer_id='CU0000008' AND p.plan_id=cpm.plan_id
13/06/2019 12:48:08,245 || 7DW || INFO  Select Customer pay MIS History (ajaxCommon.php) : SELECT pay_amount, on_of_pay_mis, pay_date, transaction_id FROM customer_pay_mis_history WHERE status=1 AND customer_id='CU0000008'
13/06/2019 12:48:11,955 || 7DW || INFO  Action id : searchCustomer
13/06/2019 12:48:11,958 || 7DW || INFO  Select Customer Details From Mis Detail (ajaxCommon.php) : SELECT cu.name, cu.father, cu.dob, cu.date_of_joining, cu.bank_name, cu.account_no, cu.ifsc_code, cu.account_holder_name, cu.expairy_date, cu.country, cu.gender, cu.post, cu.district, cu.pin_code, cu.address, cu.mobil_no, cu.gender, cu.nominee, cu.realation, cu.customer_img, cpm.agency_code, cpm.interest_rate_in_per, cpm.plan_name, cpm.plan_duration, cpm.plan_type, cpm.pay_mode, cpm.total_installment_amount, cpm.plan_type, cpm.installment_amount, cpm.no_of_installment, cpm.no_of_pay_installment, cih.customer_id, cih.reciept_no, cih.pay_amount, cih.pay_date, cih.no_of_installment AS cihNoOfInstallment, cmis.no_of_mis, cmis.no_of_pay_mis, cmis.mis_paid_upto_date, p.calculation_rate FROM customer AS cu, customer_plan_mapping AS cpm, customer_installment_history AS cih, customer_mis_info AS cmis, plan AS p WHERE cu.customer_id=cpm.customer_id AND cpm.customer_id = cih.customer_id AND cpm.customer_id = cmis.customer_id AND cu.customer_id='CU0000007' AND cpm.customer_id='CU0000007' AND cih.customer_id='CU0000007' AND cmis.customer_id='CU0000007' AND p.plan_id=cpm.plan_id
13/06/2019 12:48:11,961 || 7DW || INFO  Select Customer pay MIS History (ajaxCommon.php) : SELECT pay_amount, on_of_pay_mis, pay_date, transaction_id FROM customer_pay_mis_history WHERE status=1 AND customer_id='CU0000007'
13/06/2019 12:48:17,220 || 7DW || INFO  Action id : payCustomerMisAmount
13/06/2019 12:48:17,221 || 7DW || INFO  Select Customer Mis Info Details From ajaxCommon.php: SELECT customer_id, no_of_mis, no_of_pay_mis, mis_paid_upto_date FROM customer_mis_info WHERE customer_id='CU0000007' AND status=1
13/06/2019 12:48:17,223 || 7DW || INFO  New Mis Paid Date From ajaxCommon.php: 2018-04-14
13/06/2019 12:48:17,223 || 7DW || INFO  Insert Customer Pay Mis History Detail from ajaxCommon.php: INSERT INTO customer_pay_mis_history (
                                                                                customer_id
                                                                               ,pay_amount
                                                                               ,on_of_pay_mis
                                                                               ,pay_date
                                                                               ,transaction_id
                                                                               ,c_by
                                                                               ,status
                                                                             ) VALUES (
                                                                                'CU0000007' -- customer_id - IN varchar(50)
                                                                               ,'2000' -- pay_amount - IN double
                                                                               ,'1' -- on_of_pay_mis - IN int(50)
                                                                               ,'2019-06-13' -- pay_date - IN varchar(20)
                                                                               ,'444444444444' -- transaction_id - IN varchar(30)
                                                                               ,'admin'  -- c_by - IN varchar(20)
                                                                               ,1 -- status - IN int(1)
                                                                             )
13/06/2019 12:48:17,265 || 7DW || INFO  Update Customer Mis Info From ajaxCommon.php: UPDATE customer_mis_info SET no_of_pay_mis='13', mis_paid_upto_date='2018-04-14' WHERE Customer_id='CU0000007'
13/06/2019 12:50:11,341 || 7DW || INFO  Action id : searchCustomer
13/06/2019 12:50:11,341 || 7DW || INFO  Select Customer Details From Mis Detail (ajaxCommon.php) : SELECT cu.name, cu.father, cu.dob, cu.date_of_joining, cu.bank_name, cu.account_no, cu.ifsc_code, cu.account_holder_name, cu.expairy_date, cu.country, cu.gender, cu.post, cu.district, cu.pin_code, cu.address, cu.mobil_no, cu.gender, cu.nominee, cu.realation, cu.customer_img, cpm.agency_code, cpm.interest_rate_in_per, cpm.plan_name, cpm.plan_duration, cpm.plan_type, cpm.pay_mode, cpm.total_installment_amount, cpm.plan_type, cpm.installment_amount, cpm.no_of_installment, cpm.no_of_pay_installment, cih.customer_id, cih.reciept_no, cih.pay_amount, cih.pay_date, cih.no_of_installment AS cihNoOfInstallment, cmis.no_of_mis, cmis.no_of_pay_mis, cmis.mis_paid_upto_date, p.calculation_rate FROM customer AS cu, customer_plan_mapping AS cpm, customer_installment_history AS cih, customer_mis_info AS cmis, plan AS p WHERE cu.customer_id=cpm.customer_id AND cpm.customer_id = cih.customer_id AND cpm.customer_id = cmis.customer_id AND cu.customer_id='CU0000007' AND cpm.customer_id='CU0000007' AND cih.customer_id='CU0000007' AND cmis.customer_id='CU0000007' AND p.plan_id=cpm.plan_id
13/06/2019 12:50:11,343 || 7DW || INFO  Select Customer pay MIS History (ajaxCommon.php) : SELECT pay_amount, on_of_pay_mis, pay_date, transaction_id FROM customer_pay_mis_history WHERE status=1 AND customer_id='CU0000007'
13/06/2019 12:50:12,657 || 7DW || INFO  Action id : searchCustomer
13/06/2019 12:50:12,690 || 7DW || INFO  Select Customer Details From Mis Detail (ajaxCommon.php) : SELECT cu.name, cu.father, cu.dob, cu.date_of_joining, cu.bank_name, cu.account_no, cu.ifsc_code, cu.account_holder_name, cu.expairy_date, cu.country, cu.gender, cu.post, cu.district, cu.pin_code, cu.address, cu.mobil_no, cu.gender, cu.nominee, cu.realation, cu.customer_img, cpm.agency_code, cpm.interest_rate_in_per, cpm.plan_name, cpm.plan_duration, cpm.plan_type, cpm.pay_mode, cpm.total_installment_amount, cpm.plan_type, cpm.installment_amount, cpm.no_of_installment, cpm.no_of_pay_installment, cih.customer_id, cih.reciept_no, cih.pay_amount, cih.pay_date, cih.no_of_installment AS cihNoOfInstallment, cmis.no_of_mis, cmis.no_of_pay_mis, cmis.mis_paid_upto_date, p.calculation_rate FROM customer AS cu, customer_plan_mapping AS cpm, customer_installment_history AS cih, customer_mis_info AS cmis, plan AS p WHERE cu.customer_id=cpm.customer_id AND cpm.customer_id = cih.customer_id AND cpm.customer_id = cmis.customer_id AND cu.customer_id='CU0000008' AND cpm.customer_id='CU0000008' AND cih.customer_id='CU0000008' AND cmis.customer_id='CU0000008' AND p.plan_id=cpm.plan_id
13/06/2019 12:50:12,696 || 7DW || INFO  Select Customer pay MIS History (ajaxCommon.php) : SELECT pay_amount, on_of_pay_mis, pay_date, transaction_id FROM customer_pay_mis_history WHERE status=1 AND customer_id='CU0000008'
13/06/2019 12:50:14,481 || 7DW || INFO  Action id : searchCustomer
13/06/2019 12:50:14,490 || 7DW || INFO  Select Customer Details From Mis Detail (ajaxCommon.php) : SELECT cu.name, cu.father, cu.dob, cu.date_of_joining, cu.bank_name, cu.account_no, cu.ifsc_code, cu.account_holder_name, cu.expairy_date, cu.country, cu.gender, cu.post, cu.district, cu.pin_code, cu.address, cu.mobil_no, cu.gender, cu.nominee, cu.realation, cu.customer_img, cpm.agency_code, cpm.interest_rate_in_per, cpm.plan_name, cpm.plan_duration, cpm.plan_type, cpm.pay_mode, cpm.total_installment_amount, cpm.plan_type, cpm.installment_amount, cpm.no_of_installment, cpm.no_of_pay_installment, cih.customer_id, cih.reciept_no, cih.pay_amount, cih.pay_date, cih.no_of_installment AS cihNoOfInstallment, cmis.no_of_mis, cmis.no_of_pay_mis, cmis.mis_paid_upto_date, p.calculation_rate FROM customer AS cu, customer_plan_mapping AS cpm, customer_installment_history AS cih, customer_mis_info AS cmis, plan AS p WHERE cu.customer_id=cpm.customer_id AND cpm.customer_id = cih.customer_id AND cpm.customer_id = cmis.customer_id AND cu.customer_id='CU0000007' AND cpm.customer_id='CU0000007' AND cih.customer_id='CU0000007' AND cmis.customer_id='CU0000007' AND p.plan_id=cpm.plan_id
13/06/2019 12:50:14,493 || 7DW || INFO  Select Customer pay MIS History (ajaxCommon.php) : SELECT pay_amount, on_of_pay_mis, pay_date, transaction_id FROM customer_pay_mis_history WHERE status=1 AND customer_id='CU0000007'
13/06/2019 13:03:47,997 || 7DW || INFO  Connection error : 0
13/06/2019 13:03:47,998 || 7DW || INFO  Query executed as : select f_user_detail.user_id, f_user_detail.c_date, role, branch_id from f_user_credential, f_user_detail where f_user_credential.user_id='admin' AND password='d033e22ae348aeb5660fc2140aec35850c4da997' AND status='1' AND f_user_credential.user_id=f_user_detail.user_id
13/06/2019 13:03:47,999 || 7DW || INFO  Flag set as 1
13/06/2019 13:03:47,999 || 7DW || INFO  Branch name And Id :: SELECT branch_id, district, branch_name, branch_code FROM branch WHERE branch_id='BRC001'
13/06/2019 13:03:48,000 || 7DW || INFO  query detail is : select * from f_user_detail where user_id='admin'
13/06/2019 13:03:48,001 || 7DW || INFO  Detail row count : 1
13/06/2019 13:03:50,476 || 7DW || INFO  select opening and closing table : SELECT opening_total_amount, closing_total_amount FROM opening_closing_amount ORDER BY id DESC LIMIT 1
13/06/2019 13:03:50,478 || 7DW || INFO  close: -20000
13/06/2019 13:03:50,479 || 7DW || INFO  selectOpeningAmount: SELECT SUM(pay_amount) AS opening_amount FROM customer_installment_history WHERE pay_date='2019-06-13' AND status=1
13/06/2019 13:03:50,480 || 7DW || INFO  Total Open IF
13/06/2019 13:03:50,480 || 7DW || INFO  agntPayCommission: SELECT SUM(pay_amount) AS agentCommission FROM agent_pay_commission_history WHERE pay_date='2019-06-13' AND status=1
13/06/2019 13:03:50,481 || 7DW || INFO  customerReturnAmt: SELECT SUM(maturity_return_amount) AS maturityReturnAmount FROM customer_maturity_return_history WHERE status=1 AND return_date='2019-06-13'
13/06/2019 13:03:50,482 || 7DW || INFO  payMis: SELECT SUM(pay_amount) AS customerpPayMis FROM customer_pay_mis_history WHERE status=1 AND pay_date='2019-06-13'
13/06/2019 13:03:50,483 || 7DW || INFO  selectRd: SELECT cu.customer_id, cpm.customer_id, SUM(cih.pay_amount) AS rdAmount FROM customer AS cu, customer_plan_mapping AS cpm, customer_installment_history AS cih WHERE cpm.customer_id = cih.customer_id AND cu.customer_id = cpm.customer_id AND cu.status=1 AND cih.pay_date='2019-06-13' AND cpm.plan_type='RD'
13/06/2019 13:03:50,485 || 7DW || INFO  selectFD: SELECT cu.customer_id, cpm.customer_id, SUM(cih.pay_amount) AS fdAmount FROM customer AS cu, customer_plan_mapping AS cpm, customer_installment_history AS cih WHERE cpm.customer_id = cih.customer_id AND cu.customer_id = cpm.customer_id AND cu.status=1 AND cih.pay_date='2019-06-13' AND cpm.plan_type='FD'
13/06/2019 13:03:50,488 || 7DW || INFO  selectMIs: SELECT cu.customer_id, cpm.customer_id, SUM(cih.pay_amount) AS misAmount FROM customer AS cu, customer_plan_mapping AS cpm, customer_installment_history AS cih WHERE cpm.customer_id = cih.customer_id AND cu.customer_id = cpm.customer_id AND cu.status=1 AND cih.pay_date='2019-06-13' AND cpm.plan_type='MIS'
13/06/2019 13:03:50,490 || 7DW || INFO  Insert Opening and closing amount : INSERT INTO opening_closing_amount (
                                                    opening_total_amount
                                                   ,closing_total_amount
                                                   ,branch_id
                                                   ,c_by
                                                   ,`date`
                                                   ,rd_amount
                                                   ,fd_amount
                                                   ,in_mis
                                                   ,out_mis
                                                   ,maturity_return_amount
                                                 ) VALUES (
                                                    '-20000' -- opening_total_amount - IN double
                                                    ,'-28000' -- closing_total_amount - IN double
                                                   ,'BRC001' -- branch_id - IN varchar(20)
                                                   ,'admin'  -- c_by - IN varchar(100)
                                                   ,'2019-06-13' -- date - IN varchar(20)
                                                   ,'0'   -- rd_amount - IN double
                                                   ,'0'   -- fd_amount - IN double
                                                   ,'0'   -- in_mis - IN double
                                                   ,'28000'   -- out_mis - IN double
                                                   ,'0'   -- out_mis - IN double
                                                 )
13/06/2019 13:05:02,506 || 7DW || INFO  Select Customer pay MIS History (ajaxCommon.php) : SELECT cpmh.pay_amount, cpmh.on_of_pay_mis, cpmh.pay_date, cpmh.transaction_id, cih.reciept_no FROM customer_pay_mis_history  AS cpmh, customer_installment_history AS cih WHERE cpmh.status=1 AND cpmh.customer_id=cih.customer_id AND cpmh.customer_id='CU0000007' AND cih.customer_id='CU0000007' ORDER BY cpmh.id DESC
13/06/2019 14:01:59,159 || 7DW || INFO  Connection error : 0
13/06/2019 14:01:59,160 || 7DW || INFO  Query executed as : select f_user_detail.user_id, f_user_detail.c_date, role, branch_id from f_user_credential, f_user_detail where f_user_credential.user_id='admin' AND password='d033e22ae348aeb5660fc2140aec35850c4da997' AND status='1' AND f_user_credential.user_id=f_user_detail.user_id
13/06/2019 14:01:59,161 || 7DW || INFO  Flag set as 1
13/06/2019 14:01:59,161 || 7DW || INFO  Branch name And Id :: SELECT branch_id, district, branch_name, branch_code FROM branch WHERE branch_id='BRC001'
13/06/2019 14:01:59,161 || 7DW || INFO  query detail is : select * from f_user_detail where user_id='admin'
13/06/2019 14:01:59,162 || 7DW || INFO  Detail row count : 1
13/06/2019 14:02:01,580 || 7DW || INFO  select opening and closing table : SELECT opening_total_amount, closing_total_amount FROM opening_closing_amount ORDER BY id DESC LIMIT 1
13/06/2019 14:02:01,886 || 7DW || INFO  close: -28000
13/06/2019 14:02:01,886 || 7DW || INFO  selectOpeningAmount: SELECT SUM(pay_amount) AS opening_amount FROM customer_installment_history WHERE pay_date='2019-06-13' AND status=1
13/06/2019 14:02:01,887 || 7DW || INFO  Total Open IF
13/06/2019 14:02:01,887 || 7DW || INFO  agntPayCommission: SELECT SUM(pay_amount) AS agentCommission FROM agent_pay_commission_history WHERE pay_date='2019-06-13' AND status=1
13/06/2019 14:02:01,888 || 7DW || INFO  customerReturnAmt: SELECT SUM(maturity_return_amount) AS maturityReturnAmount FROM customer_maturity_return_history WHERE status=1 AND return_date='2019-06-13'
13/06/2019 14:02:01,888 || 7DW || INFO  payMis: SELECT SUM(pay_amount) AS customerpPayMis FROM customer_pay_mis_history WHERE status=1 AND pay_date='2019-06-13'
13/06/2019 14:02:01,889 || 7DW || INFO  selectRd: SELECT cu.customer_id, cpm.customer_id, SUM(cih.pay_amount) AS rdAmount FROM customer AS cu, customer_plan_mapping AS cpm, customer_installment_history AS cih WHERE cpm.customer_id = cih.customer_id AND cu.customer_id = cpm.customer_id AND cu.status=1 AND cih.pay_date='2019-06-13' AND cpm.plan_type='RD'
13/06/2019 14:02:01,890 || 7DW || INFO  selectFD: SELECT cu.customer_id, cpm.customer_id, SUM(cih.pay_amount) AS fdAmount FROM customer AS cu, customer_plan_mapping AS cpm, customer_installment_history AS cih WHERE cpm.customer_id = cih.customer_id AND cu.customer_id = cpm.customer_id AND cu.status=1 AND cih.pay_date='2019-06-13' AND cpm.plan_type='FD'
13/06/2019 14:02:01,891 || 7DW || INFO  selectMIs: SELECT cu.customer_id, cpm.customer_id, SUM(cih.pay_amount) AS misAmount FROM customer AS cu, customer_plan_mapping AS cpm, customer_installment_history AS cih WHERE cpm.customer_id = cih.customer_id AND cu.customer_id = cpm.customer_id AND cu.status=1 AND cih.pay_date='2019-06-13' AND cpm.plan_type='MIS'
13/06/2019 14:02:01,891 || 7DW || INFO  Insert Opening and closing amount : INSERT INTO opening_closing_amount (
                                                    opening_total_amount
                                                   ,closing_total_amount
                                                   ,branch_id
                                                   ,c_by
                                                   ,`date`
                                                   ,rd_amount
                                                   ,fd_amount
                                                   ,in_mis
                                                   ,out_mis
                                                   ,maturity_return_amount
                                                 ) VALUES (
                                                    '-28000' -- opening_total_amount - IN double
                                                    ,'-28000' -- closing_total_amount - IN double
                                                   ,'BRC001' -- branch_id - IN varchar(20)
                                                   ,'admin'  -- c_by - IN varchar(100)
                                                   ,'2019-06-13' -- date - IN varchar(20)
                                                   ,'0'   -- rd_amount - IN double
                                                   ,'0'   -- fd_amount - IN double
                                                   ,'0'   -- in_mis - IN double
                                                   ,'28000'   -- out_mis - IN double
                                                   ,'0'   -- out_mis - IN double
                                                 )
