05/03/2020 07:39:41,232 || 7DW || INFO  Connection error : 0
05/03/2020 07:39:41,233 || 7DW || INFO  Query executed as : select f_user_detail.user_id, f_user_detail.c_date, role, branch_id from f_user_credential, f_user_detail where f_user_credential.user_id='admin' AND password='d033e22ae348aeb5660fc2140aec35850c4da997' AND status='1' AND f_user_credential.user_id=f_user_detail.user_id
05/03/2020 07:39:41,411 || 7DW || INFO  Flag set as 1
05/03/2020 07:39:41,411 || 7DW || INFO  Branch name And Id :: SELECT branch_id, district, branch_name, branch_code FROM branch WHERE branch_id='BRC001'
05/03/2020 07:39:41,441 || 7DW || INFO  query detail is : select * from f_user_detail where user_id='admin'
05/03/2020 07:39:41,442 || 7DW || INFO  Detail row count : 1
05/03/2020 07:39:44,692 || 7DW || INFO  select opening and closing table : SELECT opening_total_amount, closing_total_amount FROM opening_closing_amount ORDER BY id DESC LIMIT 1
05/03/2020 07:39:44,723 || 7DW || INFO  close: 0
05/03/2020 07:39:44,723 || 7DW || INFO  select expense: SELECT SUM(expense_amount) AS exp FROM expense WHERE expense_date='2020-03-05' AND status=1
05/03/2020 07:39:44,745 || 7DW || INFO  selectOpeningAmount: SELECT SUM(pay_amount) AS opening_amount FROM customer_installment_history WHERE pay_date='2020-03-05' AND status=1
05/03/2020 07:39:44,764 || 7DW || INFO  Total Open IF
05/03/2020 07:39:44,764 || 7DW || INFO  agntPayCommission: SELECT SUM(pay_amount) AS agentCommission FROM agent_pay_commission_history WHERE pay_date='2020-03-05' AND status=1
05/03/2020 07:39:44,796 || 7DW || INFO  customerReturnAmt: SELECT SUM(maturity_return_amount) AS maturityReturnAmount FROM customer_maturity_return_history WHERE status=1 AND return_date='2020-03-05'
05/03/2020 07:39:44,809 || 7DW || INFO  payMis: SELECT SUM(pay_amount) AS customerpPayMis FROM customer_pay_mis_history WHERE status=1 AND pay_date='2020-03-05'
05/03/2020 07:39:44,816 || 7DW || INFO  selectRd: SELECT cu.customer_id, cpm.customer_id, SUM(cih.pay_amount) AS rdAmount FROM customer AS cu, customer_plan_mapping AS cpm, customer_installment_history AS cih WHERE cpm.customer_id = cih.customer_id AND cu.customer_id = cpm.customer_id AND cu.status=1 AND cih.pay_date='2020-03-05' AND cpm.plan_type='RD'
05/03/2020 07:39:44,826 || 7DW || INFO  selectFD: SELECT cu.customer_id, cpm.customer_id, SUM(cih.pay_amount) AS fdAmount FROM customer AS cu, customer_plan_mapping AS cpm, customer_installment_history AS cih WHERE cpm.customer_id = cih.customer_id AND cu.customer_id = cpm.customer_id AND cu.status=1 AND cih.pay_date='2020-03-05' AND cpm.plan_type='FD'
05/03/2020 07:39:44,827 || 7DW || INFO  selectMIs: SELECT cu.customer_id, cpm.customer_id, SUM(cih.pay_amount) AS misAmount FROM customer AS cu, customer_plan_mapping AS cpm, customer_installment_history AS cih WHERE cpm.customer_id = cih.customer_id AND cu.customer_id = cpm.customer_id AND cu.status=1 AND cih.pay_date='2020-03-05' AND cpm.plan_type='MIS'
05/03/2020 07:39:44,828 || 7DW || INFO  Insert Opening and closing amount : INSERT INTO opening_closing_amount (
                                                    opening_total_amount
                                                   ,closing_total_amount
                                                   ,branch_id
                                                   ,c_by
                                                   ,`date`
                                                   ,rd_amount
                                                   ,fd_amount
                                                   ,in_mis
                                                   ,out_mis
                                                   ,maturity_return_amount
                                                   ,expense
                                                 ) VALUES (
                                                    '0' -- opening_total_amount - IN double
                                                    ,'0' -- closing_total_amount - IN double
                                                   ,'BRC001' -- branch_id - IN varchar(20)
                                                   ,'admin'  -- c_by - IN varchar(100)
                                                   ,'2020-03-05' -- date - IN varchar(20)
                                                   ,'0'   -- rd_amount - IN double
                                                   ,'0'   -- fd_amount - IN double
                                                   ,'0'   -- in_mis - IN double
                                                   ,'0'   -- out_mis - IN double
                                                   ,'0'   -- out_mis - IN double
                                                   ,'0'   -- expense - IN double
                                                 )
