20/06/2019 07:35:15,078 || 7DW || INFO  Connection error : 0
20/06/2019 07:35:15,079 || 7DW || INFO  Query executed as : select f_user_detail.user_id, f_user_detail.c_date, role, branch_id from f_user_credential, f_user_detail where f_user_credential.user_id='admin' AND password='d033e22ae348aeb5660fc2140aec35850c4da997' AND status='1' AND f_user_credential.user_id=f_user_detail.user_id
20/06/2019 07:35:15,253 || 7DW || INFO  Flag set as 1
20/06/2019 07:35:15,253 || 7DW || INFO  Branch name And Id :: SELECT branch_id, district, branch_name, branch_code FROM branch WHERE branch_id='BRC001'
20/06/2019 07:35:15,330 || 7DW || INFO  query detail is : select * from f_user_detail where user_id='admin'
20/06/2019 07:35:15,331 || 7DW || INFO  Detail row count : 1
20/06/2019 07:35:18,243 || 7DW || INFO  select opening and closing table : SELECT opening_total_amount, closing_total_amount FROM opening_closing_amount ORDER BY id DESC LIMIT 1
20/06/2019 07:35:19,305 || 7DW || INFO  close: 0
20/06/2019 07:35:19,305 || 7DW || INFO  select expense: SELECT SUM(expense_amount) AS exp FROM expense WHERE expense_date='2019-06-20' AND status=1
20/06/2019 07:35:19,376 || 7DW || INFO  selectOpeningAmount: SELECT SUM(pay_amount) AS opening_amount FROM customer_installment_history WHERE pay_date='2019-06-20' AND status=1
20/06/2019 07:35:19,440 || 7DW || INFO  Total Open IF
20/06/2019 07:35:19,441 || 7DW || INFO  agntPayCommission: SELECT SUM(pay_amount) AS agentCommission FROM agent_pay_commission_history WHERE pay_date='2019-06-20' AND status=1
20/06/2019 07:35:19,478 || 7DW || INFO  customerReturnAmt: SELECT SUM(maturity_return_amount) AS maturityReturnAmount FROM customer_maturity_return_history WHERE status=1 AND return_date='2019-06-20'
20/06/2019 07:35:19,515 || 7DW || INFO  payMis: SELECT SUM(pay_amount) AS customerpPayMis FROM customer_pay_mis_history WHERE status=1 AND pay_date='2019-06-20'
20/06/2019 07:35:19,542 || 7DW || INFO  selectRd: SELECT cu.customer_id, cpm.customer_id, SUM(cih.pay_amount) AS rdAmount FROM customer AS cu, customer_plan_mapping AS cpm, customer_installment_history AS cih WHERE cpm.customer_id = cih.customer_id AND cu.customer_id = cpm.customer_id AND cu.status=1 AND cih.pay_date='2019-06-20' AND cpm.plan_type='RD'
20/06/2019 07:35:19,640 || 7DW || INFO  selectFD: SELECT cu.customer_id, cpm.customer_id, SUM(cih.pay_amount) AS fdAmount FROM customer AS cu, customer_plan_mapping AS cpm, customer_installment_history AS cih WHERE cpm.customer_id = cih.customer_id AND cu.customer_id = cpm.customer_id AND cu.status=1 AND cih.pay_date='2019-06-20' AND cpm.plan_type='FD'
20/06/2019 07:35:19,640 || 7DW || INFO  selectMIs: SELECT cu.customer_id, cpm.customer_id, SUM(cih.pay_amount) AS misAmount FROM customer AS cu, customer_plan_mapping AS cpm, customer_installment_history AS cih WHERE cpm.customer_id = cih.customer_id AND cu.customer_id = cpm.customer_id AND cu.status=1 AND cih.pay_date='2019-06-20' AND cpm.plan_type='MIS'
20/06/2019 07:35:19,641 || 7DW || INFO  Insert Opening and closing amount : INSERT INTO opening_closing_amount (
                                                    opening_total_amount
                                                   ,closing_total_amount
                                                   ,branch_id
                                                   ,c_by
                                                   ,`date`
                                                   ,rd_amount
                                                   ,fd_amount
                                                   ,in_mis
                                                   ,out_mis
                                                   ,maturity_return_amount
                                                   ,expense
                                                 ) VALUES (
                                                    '0' -- opening_total_amount - IN double
                                                    ,'0' -- closing_total_amount - IN double
                                                   ,'BRC001' -- branch_id - IN varchar(20)
                                                   ,'admin'  -- c_by - IN varchar(100)
                                                   ,'2019-06-20' -- date - IN varchar(20)
                                                   ,'0'   -- rd_amount - IN double
                                                   ,'0'   -- fd_amount - IN double
                                                   ,'0'   -- in_mis - IN double
                                                   ,'0'   -- out_mis - IN double
                                                   ,'0'   -- out_mis - IN double
                                                   ,'0'   -- expense - IN double
                                                 )
20/06/2019 07:35:27,615 || 7DW || INFO  Action id : searchCustomerPlanName
20/06/2019 07:35:29,048 || 7DW || INFO  Action id : searchInstallment
20/06/2019 07:35:29,049 || 7DW || INFO  Select customer from ajaxSearchDepositInstallment.php : SELECT cu.name, cu.father, cu.dob, cu.date_of_joining, cu.expairy_date, cu.country, cu.gender, cu.post, cu.district, cu.pin_code, cu.address, cu.mobil_no, cu.gender, cu.nominee, cu.realation, cu.customer_img, cpm.agency_code, cpm.plan_name, cpm.plan_duration, cpm.plan_type, cpm.pay_mode, cpm.total_installment_amount, cpm.plan_type, cpm.installment_amount, cpm.no_of_installment, cpm.no_of_pay_installment, cih.customer_id, cih.reciept_no, cih.pay_amount, cih.pay_date, cih.no_of_installment AS cihNoOfInstallment FROM customer AS cu, customer_plan_mapping AS cpm, customer_installment_history AS cih WHERE cu.customer_id=cpm.customer_id AND cpm.customer_id = cih.customer_id AND cu.customer_id='CU0000004' AND cpm.customer_id='CU0000004' AND cih.customer_id='CU0000004' AND cpm.plan_id=''
20/06/2019 07:35:32,104 || 7DW || INFO  Action id : searchInstallment
20/06/2019 07:35:32,104 || 7DW || INFO  Select customer from ajaxSearchDepositInstallment.php : SELECT cu.name, cu.father, cu.dob, cu.date_of_joining, cu.expairy_date, cu.country, cu.gender, cu.post, cu.district, cu.pin_code, cu.address, cu.mobil_no, cu.gender, cu.nominee, cu.realation, cu.customer_img, cpm.agency_code, cpm.plan_name, cpm.plan_duration, cpm.plan_type, cpm.pay_mode, cpm.total_installment_amount, cpm.plan_type, cpm.installment_amount, cpm.no_of_installment, cpm.no_of_pay_installment, cih.customer_id, cih.reciept_no, cih.pay_amount, cih.pay_date, cih.no_of_installment AS cihNoOfInstallment FROM customer AS cu, customer_plan_mapping AS cpm, customer_installment_history AS cih WHERE cu.customer_id=cpm.customer_id AND cpm.customer_id = cih.customer_id AND cu.customer_id='CU0000004' AND cpm.customer_id='CU0000004' AND cih.customer_id='CU0000004' AND cpm.plan_id='3'
20/06/2019 07:35:32,105 || 7DW || INFO  SELECT reciept_no, pay_amount, no_of_installment, pay_date FROM customer_installment_history WHERE status=1 AND customer_id='CU0000004'
20/06/2019 07:35:42,322 || 7DW || INFO  Action id : searchCustomer
20/06/2019 07:35:42,322 || 7DW || INFO  Select Customer Details From Mis Detail (ajaxCommon.php) : SELECT cu.name, cu.father, cu.dob, cu.date_of_joining, cu.bank_name, cu.account_no, cu.ifsc_code, cu.account_holder_name, cu.expairy_date, cu.country, cu.gender, cu.post, cu.district, cu.pin_code, cu.address, cu.mobil_no, cu.gender, cu.nominee, cu.realation, cu.customer_img, cpm.agency_code, cpm.interest_rate_in_per, cpm.plan_name, cpm.plan_duration, cpm.plan_type, cpm.pay_mode, cpm.total_installment_amount, cpm.plan_type, cpm.installment_amount, cpm.no_of_installment, cpm.no_of_pay_installment, cih.customer_id, cih.reciept_no, cih.pay_amount, cih.pay_date, cih.no_of_installment AS cihNoOfInstallment, cmis.no_of_mis, cmis.no_of_pay_mis, cmis.mis_paid_upto_date, p.calculation_rate FROM customer AS cu, customer_plan_mapping AS cpm, customer_installment_history AS cih, customer_mis_info AS cmis, plan AS p WHERE cu.customer_id=cpm.customer_id AND cpm.customer_id = cih.customer_id AND cpm.customer_id = cmis.customer_id AND cu.customer_id='CU0000007' AND cpm.customer_id='CU0000007' AND cih.customer_id='CU0000007' AND cmis.customer_id='CU0000007' AND p.plan_id=cpm.plan_id
20/06/2019 07:35:42,412 || 7DW || INFO  Select Customer pay MIS History (ajaxCommon.php) : SELECT pay_amount, on_of_pay_mis, pay_date, transaction_id FROM customer_pay_mis_history WHERE status=1 AND customer_id='CU0000007'
