13/10/2023 16:55:57,399 || 7DW || INFO  Connection error : 0
13/10/2023 16:55:57,405 || 7DW || INFO  Query executed as : select f_user_detail.user_id, f_user_detail.c_date, role, branch_id from f_user_credential, f_user_detail where f_user_credential.user_id='dcadmin' AND password='746db2448151fd2621d8e39ec3f9f81cff3ad865' AND status='1' AND f_user_credential.user_id=f_user_detail.user_id
13/10/2023 16:55:57,486 || 7DW || INFO  Flag set as 0
13/10/2023 16:56:02,984 || 7DW || INFO  Connection error : 0
13/10/2023 16:56:02,984 || 7DW || INFO  Query executed as : select f_user_detail.user_id, f_user_detail.c_date, role, branch_id from f_user_credential, f_user_detail where f_user_credential.user_id='admin' AND password='d033e22ae348aeb5660fc2140aec35850c4da997' AND status='1' AND f_user_credential.user_id=f_user_detail.user_id
13/10/2023 16:56:02,986 || 7DW || INFO  Flag set as 1
13/10/2023 16:56:02,986 || 7DW || INFO  Branch name And Id :: SELECT branch_id, district, branch_name, branch_code FROM branch WHERE branch_id='BRC001'
13/10/2023 16:56:03,013 || 7DW || INFO  query detail is : select * from f_user_detail where user_id='admin'
13/10/2023 16:56:03,013 || 7DW || INFO  Detail row count : 1
13/10/2023 16:56:03,630 || 7DW || INFO  select opening and closing table : SELECT opening_total_amount, closing_total_amount FROM opening_closing_amount ORDER BY id DESC LIMIT 1
13/10/2023 16:56:03,651 || 7DW || INFO  close: 0
13/10/2023 16:56:03,651 || 7DW || INFO  select expense: SELECT SUM(expense_amount) AS exp FROM expense WHERE expense_date='2023-10-13' AND status=1
13/10/2023 16:56:03,667 || 7DW || INFO  selectOpeningAmount: SELECT SUM(pay_amount) AS opening_amount FROM customer_installment_history WHERE pay_date='2023-10-13' AND status=1
13/10/2023 16:56:03,683 || 7DW || INFO  Total Open IF
13/10/2023 16:56:03,683 || 7DW || INFO  agntPayCommission: SELECT SUM(pay_amount) AS agentCommission FROM agent_pay_commission_history WHERE pay_date='2023-10-13' AND status=1
13/10/2023 16:56:03,702 || 7DW || INFO  customerReturnAmt: SELECT SUM(maturity_return_amount) AS maturityReturnAmount FROM customer_maturity_return_history WHERE status=1 AND return_date='2023-10-13'
13/10/2023 16:56:03,723 || 7DW || INFO  payMis: SELECT SUM(pay_amount) AS customerpPayMis FROM customer_pay_mis_history WHERE status=1 AND pay_date='2023-10-13'
13/10/2023 16:56:03,735 || 7DW || INFO  selectRd: SELECT cu.customer_id, cpm.customer_id, SUM(cih.pay_amount) AS rdAmount FROM customer AS cu, customer_plan_mapping AS cpm, customer_installment_history AS cih WHERE cpm.customer_id = cih.customer_id AND cu.customer_id = cpm.customer_id AND cu.status=1 AND cih.pay_date='2023-10-13' AND cpm.plan_type='RD'
13/10/2023 16:56:03,751 || 7DW || INFO  selectFD: SELECT cu.customer_id, cpm.customer_id, SUM(cih.pay_amount) AS fdAmount FROM customer AS cu, customer_plan_mapping AS cpm, customer_installment_history AS cih WHERE cpm.customer_id = cih.customer_id AND cu.customer_id = cpm.customer_id AND cu.status=1 AND cih.pay_date='2023-10-13' AND cpm.plan_type='FD'
13/10/2023 16:56:03,751 || 7DW || INFO  selectMIs: SELECT cu.customer_id, cpm.customer_id, SUM(cih.pay_amount) AS misAmount FROM customer AS cu, customer_plan_mapping AS cpm, customer_installment_history AS cih WHERE cpm.customer_id = cih.customer_id AND cu.customer_id = cpm.customer_id AND cu.status=1 AND cih.pay_date='2023-10-13' AND cpm.plan_type='MIS'
13/10/2023 16:56:03,752 || 7DW || INFO  Insert Opening and closing amount : INSERT INTO opening_closing_amount (
                                                    opening_total_amount
                                                   ,closing_total_amount
                                                   ,branch_id
                                                   ,c_by
                                                   ,`date`
                                                   ,rd_amount
                                                   ,fd_amount
                                                   ,in_mis
                                                   ,out_mis
                                                   ,maturity_return_amount
                                                   ,expense
                                                 ) VALUES (
                                                    '0' -- opening_total_amount - IN double
                                                    ,'0' -- closing_total_amount - IN double
                                                   ,'BRC001' -- branch_id - IN varchar(20)
                                                   ,'admin'  -- c_by - IN varchar(100)
                                                   ,'2023-10-13' -- date - IN varchar(20)
                                                   ,'0'   -- rd_amount - IN double
                                                   ,'0'   -- fd_amount - IN double
                                                   ,'0'   -- in_mis - IN double
                                                   ,'0'   -- out_mis - IN double
                                                   ,'0'   -- out_mis - IN double
                                                   ,'0'   -- expense - IN double
                                                 )
13/10/2023 16:56:43,986 || 7DW || INFO  Action id : searchCustomerPlanName
13/10/2023 16:56:48,871 || 7DW || INFO  Action id : searchInstallment
13/10/2023 16:56:48,871 || 7DW || INFO  Select customer from ajaxSearchDepositInstallment.php : SELECT cu.name, cu.father, cu.dob, cu.date_of_joining, cu.expairy_date, cu.country, cu.gender, cu.post, cu.district, cu.pin_code, cu.address, cu.mobil_no, cu.gender, cu.nominee, cu.realation, cu.customer_img, cpm.agency_code, cpm.plan_name, cpm.plan_duration, cpm.plan_type, cpm.pay_mode, cpm.total_installment_amount, cpm.plan_type, cpm.installment_amount, cpm.no_of_installment, cpm.no_of_pay_installment, cih.customer_id, cih.reciept_no, cih.pay_amount, cih.pay_date, cih.no_of_installment AS cihNoOfInstallment FROM customer AS cu, customer_plan_mapping AS cpm, customer_installment_history AS cih WHERE cu.customer_id=cpm.customer_id AND cpm.customer_id = cih.customer_id AND cu.customer_id='CU0000010' AND cpm.customer_id='CU0000010' AND cih.customer_id='CU0000010' AND cpm.plan_id='1'
13/10/2023 16:56:48,872 || 7DW || INFO  SELECT reciept_no, pay_amount, no_of_installment, pay_date FROM customer_installment_history WHERE status=1 AND customer_id='CU0000010'
13/10/2023 16:57:27,908 || 7DW || INFO  Generate Reciept No From CustomerController.php : SELECT reciept_no FROM customer_installment_history ORDER BY reciept_no DESC limit 1
13/10/2023 16:57:27,909 || 7DW || INFO  Select Customer: SELECT no_of_pay_installment, no_of_installment, agency_code, commision_in_per FROM customer_plan_mapping WHERE status=1 AND customer_id='CU0000010'
13/10/2023 16:57:27,909 || 7DW || INFO  Update Customer ajaxDepositInstallment: UPDATE customer_plan_mapping SET no_of_pay_installment ='47' WHERE customer_id='CU0000010'
13/10/2023 16:57:27,915 || 7DW || INFO  Insert agent Commission table : INSERT INTO agent_commission_history (
                                                                    agency_code
                                                                   ,customer_id
                                                                   ,no_of_installment
                                                                   ,commission_amount
                                                                   ,pay_date
                                                                 ) VALUES (
                                                                    'UPVNS00001' -- agency_code - IN varchar(20)
                                                                   ,'CU0000010' -- customer_id - IN varchar(20)
                                                                   ,'45' -- customer_id - IN varchar(20)
                                                                   ,'2250' -- no_of_pay_installment - IN int(11)
                                                                   ,'2023-10-13' -- pay_date - IN varchar(20)
                                                                 )
13/10/2023 16:57:27,917 || 7DW || INFO  Insert Customer Installment History: INSERT INTO customer_installment_history (
                                                    customer_id
                                                   ,reciept_no
                                                   ,pay_amount
                                                   ,no_of_installment
                                                   ,pay_date
                                                   ,transaction_id
                                                   ,status
                                                 ) VALUES (
                                                    'CU0000010' -- customer_id - IN varchar(200)
                                                   ,'00000094' -- reciept_no - IN varchar(20)
                                                   ,'45000.00' -- pay_amount - IN double
                                                   ,'45'   -- no_of_installment - IN int(11)
                                                   ,'2023-10-13' -- pay_date - IN varchar(20)
                                                   ,'0' -- transaction_id- IN varchar(20)
                                                   ,1  -- status - IN int(5)
                                                 )
13/10/2023 16:57:32,567 || 7DW || INFO  Action id : searchInstallment
13/10/2023 16:57:32,568 || 7DW || INFO  Select customer from ajaxSearchDepositInstallment.php : SELECT cu.name, cu.father, cu.dob, cu.date_of_joining, cu.expairy_date, cu.country, cu.gender, cu.post, cu.district, cu.pin_code, cu.address, cu.mobil_no, cu.gender, cu.nominee, cu.realation, cu.customer_img, cpm.agency_code, cpm.plan_name, cpm.plan_duration, cpm.plan_type, cpm.pay_mode, cpm.total_installment_amount, cpm.plan_type, cpm.installment_amount, cpm.no_of_installment, cpm.no_of_pay_installment, cih.customer_id, cih.reciept_no, cih.pay_amount, cih.pay_date, cih.no_of_installment AS cihNoOfInstallment FROM customer AS cu, customer_plan_mapping AS cpm, customer_installment_history AS cih WHERE cu.customer_id=cpm.customer_id AND cpm.customer_id = cih.customer_id AND cu.customer_id='CU0000010' AND cpm.customer_id='CU0000010' AND cih.customer_id='CU0000010' AND cpm.plan_id='1'
13/10/2023 16:57:32,568 || 7DW || INFO  SELECT reciept_no, pay_amount, no_of_installment, pay_date FROM customer_installment_history WHERE status=1 AND customer_id='CU0000010'
13/10/2023 16:57:37,283 || 7DW || INFO  SELECT customer_id, reciept_no, pay_amount, no_of_installment, pay_date FROM customer_installment_history WHERE reciept_no='00000011' AND customer_id='CU0000010'
13/10/2023 17:50:14,623 || 7DW || INFO  SELECT customer_id, reciept_no, pay_amount, no_of_installment, pay_date FROM customer_installment_history WHERE reciept_no='00000011' AND customer_id='CU0000010'
